<?xml version="1.0" encoding="UTF-8"?>
<testng-results skipped="0" failed="2" ignored="0" total="19" passed="17">
  <reporter-output>
  </reporter-output>
  <suite name="Default suite" duration-ms="1081624" started-at="2020-03-22T17:43:35 IST" finished-at="2020-03-22T18:01:37 IST">
    <groups>
    </groups>
    <test name="Default test" duration-ms="1081624" started-at="2020-03-22T17:43:35 IST" finished-at="2020-03-22T18:01:37 IST">
      <class name="com.mv.zamit.ZamitZcs.ChildFormTest">
        <test-method status="PASS" signature="killAllNodes()[pri:0, instance:com.mv.zamit.ZamitZcs.ChildFormTest@1e7c7811]" name="killAllNodes" is-config="true" duration-ms="4118" started-at="2020-03-22T17:43:35 IST" finished-at="2020-03-22T17:43:39 IST">
          <reporter-output>
          </reporter-output>
        </test-method> <!-- killAllNodes -->
        <test-method status="PASS" signature="startServer1()[pri:0, instance:com.mv.zamit.ZamitZcs.ChildFormTest@1e7c7811]" name="startServer1" is-config="true" duration-ms="5432" started-at="2020-03-22T17:43:39 IST" finished-at="2020-03-22T17:43:45 IST">
          <reporter-output>
          </reporter-output>
        </test-method> <!-- startServer1 -->
        <test-method status="PASS" signature="verifyAttendedPlaySchoolDropDown()[pri:0, instance:com.mv.zamit.ZamitZcs.ChildFormTest@1e7c7811]" name="verifyAttendedPlaySchoolDropDown" duration-ms="56680" started-at="2020-03-22T17:43:45 IST" finished-at="2020-03-22T17:44:42 IST">
          <reporter-output>
          </reporter-output>
        </test-method> <!-- verifyAttendedPlaySchoolDropDown -->
        <test-method status="PASS" signature="stopServer()[pri:0, instance:com.mv.zamit.ZamitZcs.ChildFormTest@1e7c7811]" name="stopServer" is-config="true" duration-ms="52" started-at="2020-03-22T17:44:42 IST" finished-at="2020-03-22T17:44:42 IST">
          <reporter-output>
          </reporter-output>
        </test-method> <!-- stopServer -->
        <test-method status="PASS" signature="startServer1()[pri:0, instance:com.mv.zamit.ZamitZcs.ChildFormTest@1e7c7811]" name="startServer1" is-config="true" duration-ms="4408" started-at="2020-03-22T17:44:42 IST" finished-at="2020-03-22T17:44:46 IST">
          <reporter-output>
          </reporter-output>
        </test-method> <!-- startServer1 -->
        <test-method status="PASS" signature="verifyChildLiveWithDropDown()[pri:0, instance:com.mv.zamit.ZamitZcs.ChildFormTest@1e7c7811]" name="verifyChildLiveWithDropDown" duration-ms="55024" started-at="2020-03-22T17:44:46 IST" finished-at="2020-03-22T17:45:41 IST">
          <reporter-output>
          </reporter-output>
        </test-method> <!-- verifyChildLiveWithDropDown -->
        <test-method status="PASS" signature="stopServer()[pri:0, instance:com.mv.zamit.ZamitZcs.ChildFormTest@1e7c7811]" name="stopServer" is-config="true" duration-ms="52" started-at="2020-03-22T17:45:41 IST" finished-at="2020-03-22T17:45:41 IST">
          <reporter-output>
          </reporter-output>
        </test-method> <!-- stopServer -->
        <test-method status="PASS" signature="startServer1()[pri:0, instance:com.mv.zamit.ZamitZcs.ChildFormTest@1e7c7811]" name="startServer1" is-config="true" duration-ms="7190" started-at="2020-03-22T17:45:41 IST" finished-at="2020-03-22T17:45:48 IST">
          <reporter-output>
          </reporter-output>
        </test-method> <!-- startServer1 -->
        <test-method status="PASS" signature="verifyCitizenshipButton()[pri:0, instance:com.mv.zamit.ZamitZcs.ChildFormTest@1e7c7811]" name="verifyCitizenshipButton" duration-ms="60823" started-at="2020-03-22T17:45:48 IST" finished-at="2020-03-22T17:46:49 IST">
          <reporter-output>
          </reporter-output>
        </test-method> <!-- verifyCitizenshipButton -->
        <test-method status="PASS" signature="stopServer()[pri:0, instance:com.mv.zamit.ZamitZcs.ChildFormTest@1e7c7811]" name="stopServer" is-config="true" duration-ms="52" started-at="2020-03-22T17:46:49 IST" finished-at="2020-03-22T17:46:49 IST">
          <reporter-output>
          </reporter-output>
        </test-method> <!-- stopServer -->
        <test-method status="PASS" signature="startServer1()[pri:0, instance:com.mv.zamit.ZamitZcs.ChildFormTest@1e7c7811]" name="startServer1" is-config="true" duration-ms="5485" started-at="2020-03-22T17:46:49 IST" finished-at="2020-03-22T17:46:55 IST">
          <reporter-output>
          </reporter-output>
        </test-method> <!-- startServer1 -->
        <test-method status="PASS" signature="verifyCityOfPlaySchoolField()[pri:0, instance:com.mv.zamit.ZamitZcs.ChildFormTest@1e7c7811]" name="verifyCityOfPlaySchoolField" duration-ms="51350" started-at="2020-03-22T17:46:55 IST" finished-at="2020-03-22T17:47:46 IST">
          <reporter-output>
          </reporter-output>
        </test-method> <!-- verifyCityOfPlaySchoolField -->
        <test-method status="PASS" signature="stopServer()[pri:0, instance:com.mv.zamit.ZamitZcs.ChildFormTest@1e7c7811]" name="stopServer" is-config="true" duration-ms="52" started-at="2020-03-22T17:47:46 IST" finished-at="2020-03-22T17:47:46 IST">
          <reporter-output>
          </reporter-output>
        </test-method> <!-- stopServer -->
        <test-method status="PASS" signature="startServer1()[pri:0, instance:com.mv.zamit.ZamitZcs.ChildFormTest@1e7c7811]" name="startServer1" is-config="true" duration-ms="5180" started-at="2020-03-22T17:47:46 IST" finished-at="2020-03-22T17:47:51 IST">
          <reporter-output>
          </reporter-output>
        </test-method> <!-- startServer1 -->
        <test-method status="PASS" signature="verifyCountryOfPlaySchoolField()[pri:0, instance:com.mv.zamit.ZamitZcs.ChildFormTest@1e7c7811]" name="verifyCountryOfPlaySchoolField" duration-ms="51361" started-at="2020-03-22T17:47:51 IST" finished-at="2020-03-22T17:48:43 IST">
          <reporter-output>
          </reporter-output>
        </test-method> <!-- verifyCountryOfPlaySchoolField -->
        <test-method status="PASS" signature="stopServer()[pri:0, instance:com.mv.zamit.ZamitZcs.ChildFormTest@1e7c7811]" name="stopServer" is-config="true" duration-ms="103" started-at="2020-03-22T17:48:43 IST" finished-at="2020-03-22T17:48:43 IST">
          <reporter-output>
          </reporter-output>
        </test-method> <!-- stopServer -->
        <test-method status="PASS" signature="startServer1()[pri:0, instance:com.mv.zamit.ZamitZcs.ChildFormTest@1e7c7811]" name="startServer1" is-config="true" duration-ms="4322" started-at="2020-03-22T17:48:43 IST" finished-at="2020-03-22T17:48:47 IST">
          <reporter-output>
          </reporter-output>
        </test-method> <!-- startServer1 -->
        <test-method status="PASS" signature="verifyDateOfBirthDD()[pri:0, instance:com.mv.zamit.ZamitZcs.ChildFormTest@1e7c7811]" name="verifyDateOfBirthDD" duration-ms="50890" started-at="2020-03-22T17:48:47 IST" finished-at="2020-03-22T17:49:38 IST">
          <reporter-output>
          </reporter-output>
        </test-method> <!-- verifyDateOfBirthDD -->
        <test-method status="PASS" signature="stopServer()[pri:0, instance:com.mv.zamit.ZamitZcs.ChildFormTest@1e7c7811]" name="stopServer" is-config="true" duration-ms="104" started-at="2020-03-22T17:49:38 IST" finished-at="2020-03-22T17:49:38 IST">
          <reporter-output>
          </reporter-output>
        </test-method> <!-- stopServer -->
        <test-method status="PASS" signature="startServer1()[pri:0, instance:com.mv.zamit.ZamitZcs.ChildFormTest@1e7c7811]" name="startServer1" is-config="true" duration-ms="7420" started-at="2020-03-22T17:49:38 IST" finished-at="2020-03-22T17:49:45 IST">
          <reporter-output>
          </reporter-output>
        </test-method> <!-- startServer1 -->
        <test-method status="PASS" signature="verifyDateOfBirthMM()[pri:0, instance:com.mv.zamit.ZamitZcs.ChildFormTest@1e7c7811]" name="verifyDateOfBirthMM" duration-ms="53650" started-at="2020-03-22T17:49:45 IST" finished-at="2020-03-22T17:50:39 IST">
          <reporter-output>
          </reporter-output>
        </test-method> <!-- verifyDateOfBirthMM -->
        <test-method status="PASS" signature="stopServer()[pri:0, instance:com.mv.zamit.ZamitZcs.ChildFormTest@1e7c7811]" name="stopServer" is-config="true" duration-ms="52" started-at="2020-03-22T17:50:39 IST" finished-at="2020-03-22T17:50:39 IST">
          <reporter-output>
          </reporter-output>
        </test-method> <!-- stopServer -->
        <test-method status="PASS" signature="startServer1()[pri:0, instance:com.mv.zamit.ZamitZcs.ChildFormTest@1e7c7811]" name="startServer1" is-config="true" duration-ms="4558" started-at="2020-03-22T17:50:39 IST" finished-at="2020-03-22T17:50:44 IST">
          <reporter-output>
          </reporter-output>
        </test-method> <!-- startServer1 -->
        <test-method status="PASS" signature="verifyDateOfBirthYY()[pri:0, instance:com.mv.zamit.ZamitZcs.ChildFormTest@1e7c7811]" name="verifyDateOfBirthYY" duration-ms="48316" started-at="2020-03-22T17:50:44 IST" finished-at="2020-03-22T17:51:32 IST">
          <reporter-output>
          </reporter-output>
        </test-method> <!-- verifyDateOfBirthYY -->
        <test-method status="PASS" signature="stopServer()[pri:0, instance:com.mv.zamit.ZamitZcs.ChildFormTest@1e7c7811]" name="stopServer" is-config="true" duration-ms="111" started-at="2020-03-22T17:51:32 IST" finished-at="2020-03-22T17:51:32 IST">
          <reporter-output>
          </reporter-output>
        </test-method> <!-- stopServer -->
        <test-method status="PASS" signature="startServer1()[pri:0, instance:com.mv.zamit.ZamitZcs.ChildFormTest@1e7c7811]" name="startServer1" is-config="true" duration-ms="4536" started-at="2020-03-22T17:51:32 IST" finished-at="2020-03-22T17:51:37 IST">
          <reporter-output>
          </reporter-output>
        </test-method> <!-- startServer1 -->
        <test-method status="PASS" signature="verifyEthnicitydropdown()[pri:0, instance:com.mv.zamit.ZamitZcs.ChildFormTest@1e7c7811]" name="verifyEthnicitydropdown" duration-ms="59295" started-at="2020-03-22T17:51:37 IST" finished-at="2020-03-22T17:52:36 IST">
          <reporter-output>
          </reporter-output>
        </test-method> <!-- verifyEthnicitydropdown -->
        <test-method status="PASS" signature="stopServer()[pri:0, instance:com.mv.zamit.ZamitZcs.ChildFormTest@1e7c7811]" name="stopServer" is-config="true" duration-ms="52" started-at="2020-03-22T17:52:36 IST" finished-at="2020-03-22T17:52:36 IST">
          <reporter-output>
          </reporter-output>
        </test-method> <!-- stopServer -->
        <test-method status="PASS" signature="startServer1()[pri:0, instance:com.mv.zamit.ZamitZcs.ChildFormTest@1e7c7811]" name="startServer1" is-config="true" duration-ms="4403" started-at="2020-03-22T17:52:36 IST" finished-at="2020-03-22T17:52:40 IST">
          <reporter-output>
          </reporter-output>
        </test-method> <!-- startServer1 -->
        <test-method status="FAIL" signature="verifyFirstName()[pri:0, instance:com.mv.zamit.ZamitZcs.ChildFormTest@1e7c7811]" name="verifyFirstName" duration-ms="45781" started-at="2020-03-22T17:52:40 IST" finished-at="2020-03-22T17:53:26 IST">
          <exception class="org.openqa.selenium.NoSuchElementException">
            <message>
              <![CDATA[Can't locate an element by this strategy: By.chained({By.id: com.zcas:id/et_fname})]]>
            </message>
            <full-stacktrace>
              <![CDATA[org.openqa.selenium.NoSuchElementException: Can't locate an element by this strategy: By.chained({By.id: com.zcas:id/et_fname})
at io.appium.java_client.pagefactory.AppiumElementLocator.findElement(AppiumElementLocator.java:126)
at io.appium.java_client.pagefactory.interceptors.InterceptorOfASingleElement.intercept(InterceptorOfASingleElement.java:59)
at io.appium.java_client.android.AndroidElement$$EnhancerByCGLIB$$b598166c.click(<generated>)
at com.mv.zamit.ZamitZcs.ChildFormTest.verifyFirstName(ChildFormTest.java:68)
at sun.reflect.NativeMethodAccessorImpl.invoke0(Native Method)
at sun.reflect.NativeMethodAccessorImpl.invoke(NativeMethodAccessorImpl.java:62)
at sun.reflect.DelegatingMethodAccessorImpl.invoke(DelegatingMethodAccessorImpl.java:43)
at java.lang.reflect.Method.invoke(Method.java:498)
at org.testng.internal.MethodInvocationHelper.invokeMethod(MethodInvocationHelper.java:134)
at org.testng.internal.TestInvoker.invokeMethod(TestInvoker.java:597)
at org.testng.internal.TestInvoker.invokeTestMethod(TestInvoker.java:173)
at org.testng.internal.MethodRunner.runInSequence(MethodRunner.java:46)
at org.testng.internal.TestInvoker$MethodInvocationAgent.invoke(TestInvoker.java:816)
at org.testng.internal.TestInvoker.invokeTestMethods(TestInvoker.java:146)
at org.testng.internal.TestMethodWorker.invokeTestMethods(TestMethodWorker.java:146)
at org.testng.internal.TestMethodWorker.run(TestMethodWorker.java:128)
at java.util.ArrayList.forEach(ArrayList.java:1257)
at org.testng.TestRunner.privateRun(TestRunner.java:766)
at org.testng.TestRunner.run(TestRunner.java:587)
at org.testng.SuiteRunner.runTest(SuiteRunner.java:384)
at org.testng.SuiteRunner.runSequentially(SuiteRunner.java:378)
at org.testng.SuiteRunner.privateRun(SuiteRunner.java:337)
at org.testng.SuiteRunner.run(SuiteRunner.java:286)
at org.testng.SuiteRunnerWorker.runSuite(SuiteRunnerWorker.java:53)
at org.testng.SuiteRunnerWorker.run(SuiteRunnerWorker.java:96)
at org.testng.TestNG.runSuitesSequentially(TestNG.java:1187)
at org.testng.TestNG.runSuitesLocally(TestNG.java:1109)
at org.testng.TestNG.runSuites(TestNG.java:1039)
at org.testng.TestNG.run(TestNG.java:1007)
at org.testng.remote.AbstractRemoteTestNG.run(AbstractRemoteTestNG.java:115)
at org.testng.remote.RemoteTestNG.initAndRun(RemoteTestNG.java:251)
at org.testng.remote.RemoteTestNG.main(RemoteTestNG.java:77)
Caused by: org.openqa.selenium.TimeoutException: Expected condition failed: waiting for io.appium.java_client.pagefactory.AppiumElementLocator$WaitingFunction@26e412ef (tried for 1 second(s) with 500 milliseconds interval)
at org.openqa.selenium.support.ui.FluentWait.timeoutException(FluentWait.java:304)
at org.openqa.selenium.support.ui.FluentWait.until(FluentWait.java:272)
at io.appium.java_client.pagefactory.AppiumElementLocator.waitFor(AppiumElementLocator.java:99)
at io.appium.java_client.pagefactory.AppiumElementLocator.findElement(AppiumElementLocator.java:119)
... 31 more
Caused by: org.openqa.selenium.NoSuchElementException: Cannot locate an element using By.chained({By.id: com.zcas:id/et_fname})
For documentation on this error, please visit: https://www.seleniumhq.org/exceptions/no_such_element.html
Build info: version: '3.141.59', revision: 'e82be7d358', time: '2018-11-14T08:17:03'
System info: host: 'MLPT003', ip: '192.168.43.20', os.name: 'Windows 10', os.arch: 'amd64', os.version: '10.0', java.version: '1.8.0_231'
Driver info: driver.version: AndroidDriver
at io.appium.java_client.pagefactory.bys.builder.ByChained.findElement(ByChained.java:74)
at org.openqa.selenium.remote.RemoteWebDriver.findElement(RemoteWebDriver.java:315)
at io.appium.java_client.DefaultGenericMobileDriver.findElement(DefaultGenericMobileDriver.java:57)
at io.appium.java_client.AppiumDriver.findElement(AppiumDriver.java:1)
at io.appium.java_client.android.AndroidDriver.findElement(AndroidDriver.java:1)
at io.appium.java_client.pagefactory.bys.ContentMappedBy.findElement(ContentMappedBy.java:50)
at org.openqa.selenium.remote.RemoteWebDriver.findElement(RemoteWebDriver.java:315)
at io.appium.java_client.DefaultGenericMobileDriver.findElement(DefaultGenericMobileDriver.java:57)
at io.appium.java_client.AppiumDriver.findElement(AppiumDriver.java:1)
at io.appium.java_client.android.AndroidDriver.findElement(AndroidDriver.java:1)
at io.appium.java_client.pagefactory.AppiumElementLocator.lambda$0(AppiumElementLocator.java:120)
at io.appium.java_client.pagefactory.AppiumElementLocator$WaitingFunction.apply(AppiumElementLocator.java:172)
at io.appium.java_client.pagefactory.AppiumElementLocator$WaitingFunction.apply(AppiumElementLocator.java:1)
at org.openqa.selenium.support.ui.FluentWait.until(FluentWait.java:249)
... 33 more
]]>
            </full-stacktrace>
          </exception> <!-- org.openqa.selenium.NoSuchElementException -->
          <reporter-output>
          </reporter-output>
        </test-method> <!-- verifyFirstName -->
        <test-method status="PASS" signature="stopServer()[pri:0, instance:com.mv.zamit.ZamitZcs.ChildFormTest@1e7c7811]" name="stopServer" is-config="true" duration-ms="108" started-at="2020-03-22T17:53:26 IST" finished-at="2020-03-22T17:53:26 IST">
          <reporter-output>
          </reporter-output>
        </test-method> <!-- stopServer -->
        <test-method status="PASS" signature="startServer1()[pri:0, instance:com.mv.zamit.ZamitZcs.ChildFormTest@1e7c7811]" name="startServer1" is-config="true" duration-ms="12525" started-at="2020-03-22T17:53:26 IST" finished-at="2020-03-22T17:53:39 IST">
          <reporter-output>
          </reporter-output>
        </test-method> <!-- startServer1 -->
        <test-method status="PASS" signature="verifyFormHeading()[pri:0, instance:com.mv.zamit.ZamitZcs.ChildFormTest@1e7c7811]" name="verifyFormHeading" duration-ms="41133" started-at="2020-03-22T17:53:39 IST" finished-at="2020-03-22T17:54:20 IST">
          <reporter-output>
          </reporter-output>
        </test-method> <!-- verifyFormHeading -->
        <test-method status="PASS" signature="stopServer()[pri:0, instance:com.mv.zamit.ZamitZcs.ChildFormTest@1e7c7811]" name="stopServer" is-config="true" duration-ms="52" started-at="2020-03-22T17:54:20 IST" finished-at="2020-03-22T17:54:20 IST">
          <reporter-output>
          </reporter-output>
        </test-method> <!-- stopServer -->
        <test-method status="PASS" signature="startServer1()[pri:0, instance:com.mv.zamit.ZamitZcs.ChildFormTest@1e7c7811]" name="startServer1" is-config="true" duration-ms="4644" started-at="2020-03-22T17:54:20 IST" finished-at="2020-03-22T17:54:25 IST">
          <reporter-output>
          </reporter-output>
        </test-method> <!-- startServer1 -->
        <test-method status="PASS" signature="verifyFromDateField()[pri:0, instance:com.mv.zamit.ZamitZcs.ChildFormTest@1e7c7811]" name="verifyFromDateField" duration-ms="52106" started-at="2020-03-22T17:54:25 IST" finished-at="2020-03-22T17:55:17 IST">
          <reporter-output>
          </reporter-output>
        </test-method> <!-- verifyFromDateField -->
        <test-method status="PASS" signature="stopServer()[pri:0, instance:com.mv.zamit.ZamitZcs.ChildFormTest@1e7c7811]" name="stopServer" is-config="true" duration-ms="52" started-at="2020-03-22T17:55:17 IST" finished-at="2020-03-22T17:55:17 IST">
          <reporter-output>
          </reporter-output>
        </test-method> <!-- stopServer -->
        <test-method status="PASS" signature="startServer1()[pri:0, instance:com.mv.zamit.ZamitZcs.ChildFormTest@1e7c7811]" name="startServer1" is-config="true" duration-ms="4467" started-at="2020-03-22T17:55:17 IST" finished-at="2020-03-22T17:55:21 IST">
          <reporter-output>
          </reporter-output>
        </test-method> <!-- startServer1 -->
        <test-method status="PASS" signature="verifyGenderButton()[pri:0, instance:com.mv.zamit.ZamitZcs.ChildFormTest@1e7c7811]" name="verifyGenderButton" duration-ms="46104" started-at="2020-03-22T17:55:21 IST" finished-at="2020-03-22T17:56:08 IST">
          <reporter-output>
          </reporter-output>
        </test-method> <!-- verifyGenderButton -->
        <test-method status="PASS" signature="stopServer()[pri:0, instance:com.mv.zamit.ZamitZcs.ChildFormTest@1e7c7811]" name="stopServer" is-config="true" duration-ms="52" started-at="2020-03-22T17:56:08 IST" finished-at="2020-03-22T17:56:08 IST">
          <reporter-output>
          </reporter-output>
        </test-method> <!-- stopServer -->
        <test-method status="PASS" signature="startServer1()[pri:0, instance:com.mv.zamit.ZamitZcs.ChildFormTest@1e7c7811]" name="startServer1" is-config="true" duration-ms="4474" started-at="2020-03-22T17:56:08 IST" finished-at="2020-03-22T17:56:12 IST">
          <reporter-output>
          </reporter-output>
        </test-method> <!-- startServer1 -->
        <test-method status="PASS" signature="verifyLastName()[pri:0, instance:com.mv.zamit.ZamitZcs.ChildFormTest@1e7c7811]" name="verifyLastName" duration-ms="47921" started-at="2020-03-22T17:56:12 IST" finished-at="2020-03-22T17:57:00 IST">
          <reporter-output>
          </reporter-output>
        </test-method> <!-- verifyLastName -->
        <test-method status="PASS" signature="stopServer()[pri:0, instance:com.mv.zamit.ZamitZcs.ChildFormTest@1e7c7811]" name="stopServer" is-config="true" duration-ms="51" started-at="2020-03-22T17:57:00 IST" finished-at="2020-03-22T17:57:00 IST">
          <reporter-output>
          </reporter-output>
        </test-method> <!-- stopServer -->
        <test-method status="PASS" signature="startServer1()[pri:0, instance:com.mv.zamit.ZamitZcs.ChildFormTest@1e7c7811]" name="startServer1" is-config="true" duration-ms="5857" started-at="2020-03-22T17:57:00 IST" finished-at="2020-03-22T17:57:06 IST">
          <reporter-output>
          </reporter-output>
        </test-method> <!-- startServer1 -->
        <test-method status="FAIL" signature="verifyNextButton()[pri:0, instance:com.mv.zamit.ZamitZcs.ChildFormTest@1e7c7811]" name="verifyNextButton" duration-ms="45975" started-at="2020-03-22T17:57:06 IST" finished-at="2020-03-22T17:57:52 IST">
          <exception class="org.openqa.selenium.NoSuchElementException">
            <message>
              <![CDATA[Can't locate an element by this strategy: By.chained({By.id: com.zcas:id/btn_next_step})]]>
            </message>
            <full-stacktrace>
              <![CDATA[org.openqa.selenium.NoSuchElementException: Can't locate an element by this strategy: By.chained({By.id: com.zcas:id/btn_next_step})
at io.appium.java_client.pagefactory.AppiumElementLocator.findElement(AppiumElementLocator.java:126)
at io.appium.java_client.pagefactory.interceptors.InterceptorOfASingleElement.intercept(InterceptorOfASingleElement.java:59)
at io.appium.java_client.android.AndroidElement$$EnhancerByCGLIB$$b598166c.getText(<generated>)
at com.mv.zamit.ZamitZcs.ChildFormTest.verifyNextButton(ChildFormTest.java:667)
at sun.reflect.NativeMethodAccessorImpl.invoke0(Native Method)
at sun.reflect.NativeMethodAccessorImpl.invoke(NativeMethodAccessorImpl.java:62)
at sun.reflect.DelegatingMethodAccessorImpl.invoke(DelegatingMethodAccessorImpl.java:43)
at java.lang.reflect.Method.invoke(Method.java:498)
at org.testng.internal.MethodInvocationHelper.invokeMethod(MethodInvocationHelper.java:134)
at org.testng.internal.TestInvoker.invokeMethod(TestInvoker.java:597)
at org.testng.internal.TestInvoker.invokeTestMethod(TestInvoker.java:173)
at org.testng.internal.MethodRunner.runInSequence(MethodRunner.java:46)
at org.testng.internal.TestInvoker$MethodInvocationAgent.invoke(TestInvoker.java:816)
at org.testng.internal.TestInvoker.invokeTestMethods(TestInvoker.java:146)
at org.testng.internal.TestMethodWorker.invokeTestMethods(TestMethodWorker.java:146)
at org.testng.internal.TestMethodWorker.run(TestMethodWorker.java:128)
at java.util.ArrayList.forEach(ArrayList.java:1257)
at org.testng.TestRunner.privateRun(TestRunner.java:766)
at org.testng.TestRunner.run(TestRunner.java:587)
at org.testng.SuiteRunner.runTest(SuiteRunner.java:384)
at org.testng.SuiteRunner.runSequentially(SuiteRunner.java:378)
at org.testng.SuiteRunner.privateRun(SuiteRunner.java:337)
at org.testng.SuiteRunner.run(SuiteRunner.java:286)
at org.testng.SuiteRunnerWorker.runSuite(SuiteRunnerWorker.java:53)
at org.testng.SuiteRunnerWorker.run(SuiteRunnerWorker.java:96)
at org.testng.TestNG.runSuitesSequentially(TestNG.java:1187)
at org.testng.TestNG.runSuitesLocally(TestNG.java:1109)
at org.testng.TestNG.runSuites(TestNG.java:1039)
at org.testng.TestNG.run(TestNG.java:1007)
at org.testng.remote.AbstractRemoteTestNG.run(AbstractRemoteTestNG.java:115)
at org.testng.remote.RemoteTestNG.initAndRun(RemoteTestNG.java:251)
at org.testng.remote.RemoteTestNG.main(RemoteTestNG.java:77)
Caused by: org.openqa.selenium.TimeoutException: Expected condition failed: waiting for io.appium.java_client.pagefactory.AppiumElementLocator$WaitingFunction@103082dd (tried for 1 second(s) with 500 milliseconds interval)
at org.openqa.selenium.support.ui.FluentWait.timeoutException(FluentWait.java:304)
at org.openqa.selenium.support.ui.FluentWait.until(FluentWait.java:272)
at io.appium.java_client.pagefactory.AppiumElementLocator.waitFor(AppiumElementLocator.java:99)
at io.appium.java_client.pagefactory.AppiumElementLocator.findElement(AppiumElementLocator.java:119)
... 31 more
Caused by: org.openqa.selenium.NoSuchElementException: Cannot locate an element using By.chained({By.id: com.zcas:id/btn_next_step})
For documentation on this error, please visit: https://www.seleniumhq.org/exceptions/no_such_element.html
Build info: version: '3.141.59', revision: 'e82be7d358', time: '2018-11-14T08:17:03'
System info: host: 'MLPT003', ip: '192.168.43.20', os.name: 'Windows 10', os.arch: 'amd64', os.version: '10.0', java.version: '1.8.0_231'
Driver info: driver.version: AndroidDriver
at io.appium.java_client.pagefactory.bys.builder.ByChained.findElement(ByChained.java:74)
at org.openqa.selenium.remote.RemoteWebDriver.findElement(RemoteWebDriver.java:315)
at io.appium.java_client.DefaultGenericMobileDriver.findElement(DefaultGenericMobileDriver.java:57)
at io.appium.java_client.AppiumDriver.findElement(AppiumDriver.java:1)
at io.appium.java_client.android.AndroidDriver.findElement(AndroidDriver.java:1)
at io.appium.java_client.pagefactory.bys.ContentMappedBy.findElement(ContentMappedBy.java:50)
at org.openqa.selenium.remote.RemoteWebDriver.findElement(RemoteWebDriver.java:315)
at io.appium.java_client.DefaultGenericMobileDriver.findElement(DefaultGenericMobileDriver.java:57)
at io.appium.java_client.AppiumDriver.findElement(AppiumDriver.java:1)
at io.appium.java_client.android.AndroidDriver.findElement(AndroidDriver.java:1)
at io.appium.java_client.pagefactory.AppiumElementLocator.lambda$0(AppiumElementLocator.java:120)
at io.appium.java_client.pagefactory.AppiumElementLocator$WaitingFunction.apply(AppiumElementLocator.java:172)
at io.appium.java_client.pagefactory.AppiumElementLocator$WaitingFunction.apply(AppiumElementLocator.java:1)
at org.openqa.selenium.support.ui.FluentWait.until(FluentWait.java:249)
... 33 more
]]>
            </full-stacktrace>
          </exception> <!-- org.openqa.selenium.NoSuchElementException -->
          <reporter-output>
          </reporter-output>
        </test-method> <!-- verifyNextButton -->
        <test-method status="PASS" signature="stopServer()[pri:0, instance:com.mv.zamit.ZamitZcs.ChildFormTest@1e7c7811]" name="stopServer" is-config="true" duration-ms="103" started-at="2020-03-22T17:57:52 IST" finished-at="2020-03-22T17:57:52 IST">
          <reporter-output>
          </reporter-output>
        </test-method> <!-- stopServer -->
        <test-method status="PASS" signature="startServer1()[pri:0, instance:com.mv.zamit.ZamitZcs.ChildFormTest@1e7c7811]" name="startServer1" is-config="true" duration-ms="12750" started-at="2020-03-22T17:57:52 IST" finished-at="2020-03-22T17:58:05 IST">
          <reporter-output>
          </reporter-output>
        </test-method> <!-- startServer1 -->
        <test-method status="PASS" signature="verifyPlaySchoolAddressField()[pri:0, instance:com.mv.zamit.ZamitZcs.ChildFormTest@1e7c7811]" name="verifyPlaySchoolAddressField" duration-ms="47683" started-at="2020-03-22T17:58:05 IST" finished-at="2020-03-22T17:58:52 IST">
          <reporter-output>
          </reporter-output>
        </test-method> <!-- verifyPlaySchoolAddressField -->
        <test-method status="PASS" signature="stopServer()[pri:0, instance:com.mv.zamit.ZamitZcs.ChildFormTest@1e7c7811]" name="stopServer" is-config="true" duration-ms="53" started-at="2020-03-22T17:58:52 IST" finished-at="2020-03-22T17:58:52 IST">
          <reporter-output>
          </reporter-output>
        </test-method> <!-- stopServer -->
        <test-method status="PASS" signature="startServer1()[pri:0, instance:com.mv.zamit.ZamitZcs.ChildFormTest@1e7c7811]" name="startServer1" is-config="true" duration-ms="4316" started-at="2020-03-22T17:58:52 IST" finished-at="2020-03-22T17:58:57 IST">
          <reporter-output>
          </reporter-output>
        </test-method> <!-- startServer1 -->
        <test-method status="PASS" signature="verifyPlaySchoolNameField()[pri:0, instance:com.mv.zamit.ZamitZcs.ChildFormTest@1e7c7811]" name="verifyPlaySchoolNameField" duration-ms="46582" started-at="2020-03-22T17:58:57 IST" finished-at="2020-03-22T17:59:43 IST">
          <reporter-output>
          </reporter-output>
        </test-method> <!-- verifyPlaySchoolNameField -->
        <test-method status="PASS" signature="stopServer()[pri:0, instance:com.mv.zamit.ZamitZcs.ChildFormTest@1e7c7811]" name="stopServer" is-config="true" duration-ms="52" started-at="2020-03-22T17:59:43 IST" finished-at="2020-03-22T17:59:43 IST">
          <reporter-output>
          </reporter-output>
        </test-method> <!-- stopServer -->
        <test-method status="PASS" signature="startServer1()[pri:0, instance:com.mv.zamit.ZamitZcs.ChildFormTest@1e7c7811]" name="startServer1" is-config="true" duration-ms="7994" started-at="2020-03-22T17:59:43 IST" finished-at="2020-03-22T17:59:51 IST">
          <reporter-output>
          </reporter-output>
        </test-method> <!-- startServer1 -->
        <test-method status="PASS" signature="verifySaveButtonText()[pri:0, instance:com.mv.zamit.ZamitZcs.ChildFormTest@1e7c7811]" name="verifySaveButtonText" duration-ms="44969" started-at="2020-03-22T17:59:51 IST" finished-at="2020-03-22T18:00:36 IST">
          <reporter-output>
          </reporter-output>
        </test-method> <!-- verifySaveButtonText -->
        <test-method status="PASS" signature="stopServer()[pri:0, instance:com.mv.zamit.ZamitZcs.ChildFormTest@1e7c7811]" name="stopServer" is-config="true" duration-ms="103" started-at="2020-03-22T18:00:36 IST" finished-at="2020-03-22T18:00:36 IST">
          <reporter-output>
          </reporter-output>
        </test-method> <!-- stopServer -->
        <test-method status="PASS" signature="startServer1()[pri:0, instance:com.mv.zamit.ZamitZcs.ChildFormTest@1e7c7811]" name="startServer1" is-config="true" duration-ms="5879" started-at="2020-03-22T18:00:36 IST" finished-at="2020-03-22T18:00:42 IST">
          <reporter-output>
          </reporter-output>
        </test-method> <!-- startServer1 -->
        <test-method status="PASS" signature="verifyToDateField()[pri:0, instance:com.mv.zamit.ZamitZcs.ChildFormTest@1e7c7811]" name="verifyToDateField" duration-ms="54439" started-at="2020-03-22T18:00:42 IST" finished-at="2020-03-22T18:01:37 IST">
          <reporter-output>
          </reporter-output>
        </test-method> <!-- verifyToDateField -->
        <test-method status="PASS" signature="stopServer()[pri:0, instance:com.mv.zamit.ZamitZcs.ChildFormTest@1e7c7811]" name="stopServer" is-config="true" duration-ms="52" started-at="2020-03-22T18:01:37 IST" finished-at="2020-03-22T18:01:37 IST">
          <reporter-output>
          </reporter-output>
        </test-method> <!-- stopServer -->
      </class> <!-- com.mv.zamit.ZamitZcs.ChildFormTest -->
    </test> <!-- Default test -->
  </suite> <!-- Default suite -->
</testng-results>
