<?xml version="1.0" encoding="UTF-8"?>
<testng-results skipped="0" failed="23" ignored="0" total="81" passed="58">
  <reporter-output>
  </reporter-output>
  <suite name="Suite" duration-ms="6006477" started-at="2020-06-07T21:14:14 IST" finished-at="2020-06-07T22:54:21 IST">
    <groups>
    </groups>
    <test name="Test" duration-ms="6006477" started-at="2020-06-07T21:14:14 IST" finished-at="2020-06-07T22:54:21 IST">
      <class name="com.mv.zamit.ZamitZcs.GuidelinesUploadDocTest">
        <test-method status="PASS" signature="killAllNodes()[pri:0, instance:com.mv.zamit.ZamitZcs.GuidelinesUploadDocTest@1060b431]" name="killAllNodes" is-config="true" duration-ms="4003" started-at="2020-06-07T21:14:19 IST" finished-at="2020-06-07T21:14:23 IST">
          <reporter-output>
          </reporter-output>
        </test-method> <!-- killAllNodes -->
        <test-method status="PASS" signature="startServer1()[pri:0, instance:com.mv.zamit.ZamitZcs.GuidelinesUploadDocTest@1060b431]" name="startServer1" is-config="true" duration-ms="4314" started-at="2020-06-07T22:37:22 IST" finished-at="2020-06-07T22:37:27 IST">
          <reporter-output>
          </reporter-output>
        </test-method> <!-- startServer1 -->
        <test-method status="PASS" signature="verifyCloseBtn()[pri:0, instance:com.mv.zamit.ZamitZcs.GuidelinesUploadDocTest@1060b431]" name="verifyCloseBtn" duration-ms="95097" started-at="2020-06-07T22:37:27 IST" finished-at="2020-06-07T22:39:02 IST">
          <reporter-output>
          </reporter-output>
        </test-method> <!-- verifyCloseBtn -->
        <test-method status="PASS" signature="stopServer()[pri:0, instance:com.mv.zamit.ZamitZcs.GuidelinesUploadDocTest@1060b431]" name="stopServer" is-config="true" duration-ms="52" started-at="2020-06-07T22:39:02 IST" finished-at="2020-06-07T22:39:02 IST">
          <reporter-output>
          </reporter-output>
        </test-method> <!-- stopServer -->
        <test-method status="PASS" signature="startServer1()[pri:0, instance:com.mv.zamit.ZamitZcs.GuidelinesUploadDocTest@1060b431]" name="startServer1" is-config="true" duration-ms="4364" started-at="2020-06-07T22:39:02 IST" finished-at="2020-06-07T22:39:06 IST">
          <reporter-output>
          </reporter-output>
        </test-method> <!-- startServer1 -->
        <test-method status="FAIL" signature="verifyPageDescription()[pri:0, instance:com.mv.zamit.ZamitZcs.GuidelinesUploadDocTest@1060b431]" name="verifyPageDescription" duration-ms="77723" started-at="2020-06-07T22:39:06 IST" finished-at="2020-06-07T22:40:24 IST">
          <exception class="org.openqa.selenium.NoSuchElementException">
            <message>
              <![CDATA[Can't locate an element by this strategy: By.chained({By.id: com.zcas:id/et_contact_number})]]>
            </message>
            <full-stacktrace>
              <![CDATA[org.openqa.selenium.NoSuchElementException: Can't locate an element by this strategy: By.chained({By.id: com.zcas:id/et_contact_number})
at io.appium.java_client.pagefactory.AppiumElementLocator.findElement(AppiumElementLocator.java:126)
at io.appium.java_client.pagefactory.interceptors.InterceptorOfASingleElement.intercept(InterceptorOfASingleElement.java:59)
at io.appium.java_client.android.AndroidElement$$EnhancerByCGLIB$$b598166c.clear(<generated>)
at com.mv.zamit.ZamitZcs.GuidelinesUploadDocTest.appLaunch(GuidelinesUploadDocTest.java:101)
at com.mv.zamit.ZamitZcs.GuidelinesUploadDocTest.verifyPageDescription(GuidelinesUploadDocTest.java:67)
at sun.reflect.NativeMethodAccessorImpl.invoke0(Native Method)
at sun.reflect.NativeMethodAccessorImpl.invoke(NativeMethodAccessorImpl.java:62)
at sun.reflect.DelegatingMethodAccessorImpl.invoke(DelegatingMethodAccessorImpl.java:43)
at java.lang.reflect.Method.invoke(Method.java:498)
at org.testng.internal.MethodInvocationHelper.invokeMethod(MethodInvocationHelper.java:134)
at org.testng.internal.TestInvoker.invokeMethod(TestInvoker.java:597)
at org.testng.internal.TestInvoker.invokeTestMethod(TestInvoker.java:173)
at org.testng.internal.MethodRunner.runInSequence(MethodRunner.java:46)
at org.testng.internal.TestInvoker$MethodInvocationAgent.invoke(TestInvoker.java:816)
at org.testng.internal.TestInvoker.invokeTestMethods(TestInvoker.java:146)
at org.testng.internal.TestMethodWorker.invokeTestMethods(TestMethodWorker.java:146)
at org.testng.internal.TestMethodWorker.run(TestMethodWorker.java:128)
at java.util.ArrayList.forEach(ArrayList.java:1257)
at org.testng.TestRunner.privateRun(TestRunner.java:766)
at org.testng.TestRunner.run(TestRunner.java:587)
at org.testng.SuiteRunner.runTest(SuiteRunner.java:384)
at org.testng.SuiteRunner.runSequentially(SuiteRunner.java:378)
at org.testng.SuiteRunner.privateRun(SuiteRunner.java:337)
at org.testng.SuiteRunner.run(SuiteRunner.java:286)
at org.testng.SuiteRunnerWorker.runSuite(SuiteRunnerWorker.java:53)
at org.testng.SuiteRunnerWorker.run(SuiteRunnerWorker.java:96)
at org.testng.TestNG.runSuitesSequentially(TestNG.java:1187)
at org.testng.TestNG.runSuitesLocally(TestNG.java:1109)
at org.testng.TestNG.runSuites(TestNG.java:1039)
at org.testng.TestNG.run(TestNG.java:1007)
at org.testng.remote.AbstractRemoteTestNG.run(AbstractRemoteTestNG.java:115)
at org.testng.remote.RemoteTestNG.initAndRun(RemoteTestNG.java:251)
at org.testng.remote.RemoteTestNG.main(RemoteTestNG.java:77)
Caused by: org.openqa.selenium.TimeoutException: Expected condition failed: waiting for io.appium.java_client.pagefactory.AppiumElementLocator$WaitingFunction@2b8a11d7 (tried for 1 second(s) with 500 milliseconds interval)
at org.openqa.selenium.support.ui.FluentWait.timeoutException(FluentWait.java:304)
at org.openqa.selenium.support.ui.FluentWait.until(FluentWait.java:272)
at io.appium.java_client.pagefactory.AppiumElementLocator.waitFor(AppiumElementLocator.java:99)
at io.appium.java_client.pagefactory.AppiumElementLocator.findElement(AppiumElementLocator.java:119)
... 32 more
Caused by: org.openqa.selenium.NoSuchElementException: Cannot locate an element using By.chained({By.id: com.zcas:id/et_contact_number})
For documentation on this error, please visit: https://www.seleniumhq.org/exceptions/no_such_element.html
Build info: version: '3.141.59', revision: 'e82be7d358', time: '2018-11-14T08:17:03'
System info: host: 'MLPT003', ip: '192.168.43.20', os.name: 'Windows 10', os.arch: 'amd64', os.version: '10.0', java.version: '1.8.0_231'
Driver info: driver.version: AndroidDriver
at io.appium.java_client.pagefactory.bys.builder.ByChained.findElement(ByChained.java:74)
at org.openqa.selenium.remote.RemoteWebDriver.findElement(RemoteWebDriver.java:315)
at io.appium.java_client.DefaultGenericMobileDriver.findElement(DefaultGenericMobileDriver.java:57)
at io.appium.java_client.AppiumDriver.findElement(AppiumDriver.java:1)
at io.appium.java_client.android.AndroidDriver.findElement(AndroidDriver.java:1)
at io.appium.java_client.pagefactory.bys.ContentMappedBy.findElement(ContentMappedBy.java:50)
at org.openqa.selenium.remote.RemoteWebDriver.findElement(RemoteWebDriver.java:315)
at io.appium.java_client.DefaultGenericMobileDriver.findElement(DefaultGenericMobileDriver.java:57)
at io.appium.java_client.AppiumDriver.findElement(AppiumDriver.java:1)
at io.appium.java_client.android.AndroidDriver.findElement(AndroidDriver.java:1)
at io.appium.java_client.pagefactory.AppiumElementLocator.lambda$0(AppiumElementLocator.java:120)
at io.appium.java_client.pagefactory.AppiumElementLocator$WaitingFunction.apply(AppiumElementLocator.java:172)
at io.appium.java_client.pagefactory.AppiumElementLocator$WaitingFunction.apply(AppiumElementLocator.java:1)
at org.openqa.selenium.support.ui.FluentWait.until(FluentWait.java:249)
... 34 more
]]>
            </full-stacktrace>
          </exception> <!-- org.openqa.selenium.NoSuchElementException -->
          <reporter-output>
          </reporter-output>
        </test-method> <!-- verifyPageDescription -->
        <test-method status="PASS" signature="stopServer()[pri:0, instance:com.mv.zamit.ZamitZcs.GuidelinesUploadDocTest@1060b431]" name="stopServer" is-config="true" duration-ms="118" started-at="2020-06-07T22:40:24 IST" finished-at="2020-06-07T22:40:24 IST">
          <reporter-output>
          </reporter-output>
        </test-method> <!-- stopServer -->
        <test-method status="PASS" signature="startServer1()[pri:0, instance:com.mv.zamit.ZamitZcs.GuidelinesUploadDocTest@1060b431]" name="startServer1" is-config="true" duration-ms="11673" started-at="2020-06-07T22:40:24 IST" finished-at="2020-06-07T22:40:36 IST">
          <reporter-output>
          </reporter-output>
        </test-method> <!-- startServer1 -->
        <test-method status="PASS" signature="verifyPageTitle()[pri:0, instance:com.mv.zamit.ZamitZcs.GuidelinesUploadDocTest@1060b431]" name="verifyPageTitle" duration-ms="105227" started-at="2020-06-07T22:40:36 IST" finished-at="2020-06-07T22:42:21 IST">
          <reporter-output>
          </reporter-output>
        </test-method> <!-- verifyPageTitle -->
        <test-method status="PASS" signature="stopServer()[pri:0, instance:com.mv.zamit.ZamitZcs.GuidelinesUploadDocTest@1060b431]" name="stopServer" is-config="true" duration-ms="52" started-at="2020-06-07T22:42:21 IST" finished-at="2020-06-07T22:42:21 IST">
          <reporter-output>
          </reporter-output>
        </test-method> <!-- stopServer -->
      </class> <!-- com.mv.zamit.ZamitZcs.GuidelinesUploadDocTest -->
      <class name="com.mv.zamit.ZamitZcs.NotSureTest">
        <test-method status="PASS" signature="killAllNodes()[pri:0, instance:com.mv.zamit.ZamitZcs.NotSureTest@612fc6eb]" name="killAllNodes" is-config="true" duration-ms="4009" started-at="2020-06-07T21:14:27 IST" finished-at="2020-06-07T21:14:31 IST">
          <reporter-output>
          </reporter-output>
        </test-method> <!-- killAllNodes -->
        <test-method status="PASS" signature="startServer1()[pri:0, instance:com.mv.zamit.ZamitZcs.NotSureTest@612fc6eb]" name="startServer1" is-config="true" duration-ms="11259" started-at="2020-06-07T22:26:31 IST" finished-at="2020-06-07T22:26:42 IST">
          <reporter-output>
          </reporter-output>
        </test-method> <!-- startServer1 -->
        <test-method status="PASS" signature="verifyCloseBtn()[pri:0, instance:com.mv.zamit.ZamitZcs.NotSureTest@612fc6eb]" name="verifyCloseBtn" duration-ms="86422" started-at="2020-06-07T22:26:42 IST" finished-at="2020-06-07T22:28:09 IST">
          <reporter-output>
          </reporter-output>
        </test-method> <!-- verifyCloseBtn -->
        <test-method status="PASS" signature="stopServer()[pri:0, instance:com.mv.zamit.ZamitZcs.NotSureTest@612fc6eb]" name="stopServer" is-config="true" duration-ms="50" started-at="2020-06-07T22:28:09 IST" finished-at="2020-06-07T22:28:09 IST">
          <reporter-output>
          </reporter-output>
        </test-method> <!-- stopServer -->
        <test-method status="PASS" signature="startServer1()[pri:0, instance:com.mv.zamit.ZamitZcs.NotSureTest@612fc6eb]" name="startServer1" is-config="true" duration-ms="4026" started-at="2020-06-07T22:28:09 IST" finished-at="2020-06-07T22:28:13 IST">
          <reporter-output>
          </reporter-output>
        </test-method> <!-- startServer1 -->
        <test-method status="PASS" signature="verifyFindItManuallyBtn()[pri:0, instance:com.mv.zamit.ZamitZcs.NotSureTest@612fc6eb]" name="verifyFindItManuallyBtn" duration-ms="97222" started-at="2020-06-07T22:28:13 IST" finished-at="2020-06-07T22:29:50 IST">
          <reporter-output>
          </reporter-output>
        </test-method> <!-- verifyFindItManuallyBtn -->
        <test-method status="PASS" signature="stopServer()[pri:0, instance:com.mv.zamit.ZamitZcs.NotSureTest@612fc6eb]" name="stopServer" is-config="true" duration-ms="52" started-at="2020-06-07T22:29:50 IST" finished-at="2020-06-07T22:29:50 IST">
          <reporter-output>
          </reporter-output>
        </test-method> <!-- stopServer -->
        <test-method status="PASS" signature="startServer1()[pri:0, instance:com.mv.zamit.ZamitZcs.NotSureTest@612fc6eb]" name="startServer1" is-config="true" duration-ms="4209" started-at="2020-06-07T22:29:50 IST" finished-at="2020-06-07T22:29:54 IST">
          <reporter-output>
          </reporter-output>
        </test-method> <!-- startServer1 -->
        <test-method status="FAIL" signature="verifyImageIcon()[pri:0, instance:com.mv.zamit.ZamitZcs.NotSureTest@612fc6eb]" name="verifyImageIcon" duration-ms="56383" started-at="2020-06-07T22:29:54 IST" finished-at="2020-06-07T22:30:50 IST">
          <exception class="java.lang.IndexOutOfBoundsException">
            <message>
              <![CDATA[Index: 7, Size: 0]]>
            </message>
            <full-stacktrace>
              <![CDATA[java.lang.IndexOutOfBoundsException: Index: 7, Size: 0
at java.util.ArrayList.rangeCheck(ArrayList.java:657)
at java.util.ArrayList.get(ArrayList.java:433)
at sun.reflect.GeneratedMethodAccessor14.invoke(Unknown Source)
at sun.reflect.DelegatingMethodAccessorImpl.invoke(DelegatingMethodAccessorImpl.java:43)
at java.lang.reflect.Method.invoke(Method.java:498)
at io.appium.java_client.pagefactory.ElementListInterceptor.getObject(ElementListInterceptor.java:40)
at io.appium.java_client.pagefactory.interceptors.InterceptorOfAListOfElements.intercept(InterceptorOfAListOfElements.java:49)
at $java.util.ArrayList$$EnhancerByCGLIB$$b5855c01.get(<generated>)
at com.mv.zamit.ZamitZcs.NotSureTest.appLaunch(NotSureTest.java:137)
at com.mv.zamit.ZamitZcs.NotSureTest.verifyImageIcon(NotSureTest.java:53)
at sun.reflect.NativeMethodAccessorImpl.invoke0(Native Method)
at sun.reflect.NativeMethodAccessorImpl.invoke(NativeMethodAccessorImpl.java:62)
at sun.reflect.DelegatingMethodAccessorImpl.invoke(DelegatingMethodAccessorImpl.java:43)
at java.lang.reflect.Method.invoke(Method.java:498)
at org.testng.internal.MethodInvocationHelper.invokeMethod(MethodInvocationHelper.java:134)
at org.testng.internal.TestInvoker.invokeMethod(TestInvoker.java:597)
at org.testng.internal.TestInvoker.invokeTestMethod(TestInvoker.java:173)
at org.testng.internal.MethodRunner.runInSequence(MethodRunner.java:46)
at org.testng.internal.TestInvoker$MethodInvocationAgent.invoke(TestInvoker.java:816)
at org.testng.internal.TestInvoker.invokeTestMethods(TestInvoker.java:146)
at org.testng.internal.TestMethodWorker.invokeTestMethods(TestMethodWorker.java:146)
at org.testng.internal.TestMethodWorker.run(TestMethodWorker.java:128)
at java.util.ArrayList.forEach(ArrayList.java:1257)
at org.testng.TestRunner.privateRun(TestRunner.java:766)
at org.testng.TestRunner.run(TestRunner.java:587)
at org.testng.SuiteRunner.runTest(SuiteRunner.java:384)
at org.testng.SuiteRunner.runSequentially(SuiteRunner.java:378)
at org.testng.SuiteRunner.privateRun(SuiteRunner.java:337)
at org.testng.SuiteRunner.run(SuiteRunner.java:286)
at org.testng.SuiteRunnerWorker.runSuite(SuiteRunnerWorker.java:53)
at org.testng.SuiteRunnerWorker.run(SuiteRunnerWorker.java:96)
at org.testng.TestNG.runSuitesSequentially(TestNG.java:1187)
at org.testng.TestNG.runSuitesLocally(TestNG.java:1109)
at org.testng.TestNG.runSuites(TestNG.java:1039)
at org.testng.TestNG.run(TestNG.java:1007)
at org.testng.remote.AbstractRemoteTestNG.run(AbstractRemoteTestNG.java:115)
at org.testng.remote.RemoteTestNG.initAndRun(RemoteTestNG.java:251)
at org.testng.remote.RemoteTestNG.main(RemoteTestNG.java:77)
]]>
            </full-stacktrace>
          </exception> <!-- java.lang.IndexOutOfBoundsException -->
          <reporter-output>
          </reporter-output>
        </test-method> <!-- verifyImageIcon -->
        <test-method status="PASS" signature="stopServer()[pri:0, instance:com.mv.zamit.ZamitZcs.NotSureTest@612fc6eb]" name="stopServer" is-config="true" duration-ms="103" started-at="2020-06-07T22:30:50 IST" finished-at="2020-06-07T22:30:51 IST">
          <reporter-output>
          </reporter-output>
        </test-method> <!-- stopServer -->
        <test-method status="PASS" signature="startServer1()[pri:0, instance:com.mv.zamit.ZamitZcs.NotSureTest@612fc6eb]" name="startServer1" is-config="true" duration-ms="10352" started-at="2020-06-07T22:30:51 IST" finished-at="2020-06-07T22:31:01 IST">
          <reporter-output>
          </reporter-output>
        </test-method> <!-- startServer1 -->
        <test-method status="PASS" signature="verifyLetsFindBtn()[pri:0, instance:com.mv.zamit.ZamitZcs.NotSureTest@612fc6eb]" name="verifyLetsFindBtn" duration-ms="98359" started-at="2020-06-07T22:31:01 IST" finished-at="2020-06-07T22:32:39 IST">
          <reporter-output>
          </reporter-output>
        </test-method> <!-- verifyLetsFindBtn -->
        <test-method status="PASS" signature="stopServer()[pri:0, instance:com.mv.zamit.ZamitZcs.NotSureTest@612fc6eb]" name="stopServer" is-config="true" duration-ms="51" started-at="2020-06-07T22:32:39 IST" finished-at="2020-06-07T22:32:39 IST">
          <reporter-output>
          </reporter-output>
        </test-method> <!-- stopServer -->
        <test-method status="PASS" signature="startServer1()[pri:0, instance:com.mv.zamit.ZamitZcs.NotSureTest@612fc6eb]" name="startServer1" is-config="true" duration-ms="4160" started-at="2020-06-07T22:32:39 IST" finished-at="2020-06-07T22:32:44 IST">
          <reporter-output>
          </reporter-output>
        </test-method> <!-- startServer1 -->
        <test-method status="PASS" signature="verifyORtext()[pri:0, instance:com.mv.zamit.ZamitZcs.NotSureTest@612fc6eb]" name="verifyORtext" duration-ms="80206" started-at="2020-06-07T22:32:44 IST" finished-at="2020-06-07T22:34:04 IST">
          <reporter-output>
          </reporter-output>
        </test-method> <!-- verifyORtext -->
        <test-method status="PASS" signature="stopServer()[pri:0, instance:com.mv.zamit.ZamitZcs.NotSureTest@612fc6eb]" name="stopServer" is-config="true" duration-ms="51" started-at="2020-06-07T22:34:04 IST" finished-at="2020-06-07T22:34:04 IST">
          <reporter-output>
          </reporter-output>
        </test-method> <!-- stopServer -->
        <test-method status="PASS" signature="startServer1()[pri:0, instance:com.mv.zamit.ZamitZcs.NotSureTest@612fc6eb]" name="startServer1" is-config="true" duration-ms="4161" started-at="2020-06-07T22:34:04 IST" finished-at="2020-06-07T22:34:08 IST">
          <reporter-output>
          </reporter-output>
        </test-method> <!-- startServer1 -->
        <test-method status="PASS" signature="verifyPageDescription()[pri:0, instance:com.mv.zamit.ZamitZcs.NotSureTest@612fc6eb]" name="verifyPageDescription" duration-ms="94260" started-at="2020-06-07T22:34:08 IST" finished-at="2020-06-07T22:35:42 IST">
          <reporter-output>
          </reporter-output>
        </test-method> <!-- verifyPageDescription -->
        <test-method status="PASS" signature="stopServer()[pri:0, instance:com.mv.zamit.ZamitZcs.NotSureTest@612fc6eb]" name="stopServer" is-config="true" duration-ms="103" started-at="2020-06-07T22:35:42 IST" finished-at="2020-06-07T22:35:42 IST">
          <reporter-output>
          </reporter-output>
        </test-method> <!-- stopServer -->
        <test-method status="PASS" signature="startServer1()[pri:0, instance:com.mv.zamit.ZamitZcs.NotSureTest@612fc6eb]" name="startServer1" is-config="true" duration-ms="4173" started-at="2020-06-07T22:35:42 IST" finished-at="2020-06-07T22:35:46 IST">
          <reporter-output>
          </reporter-output>
        </test-method> <!-- startServer1 -->
        <test-method status="PASS" signature="verifyPageTitle()[pri:0, instance:com.mv.zamit.ZamitZcs.NotSureTest@612fc6eb]" name="verifyPageTitle" duration-ms="95769" started-at="2020-06-07T22:35:46 IST" finished-at="2020-06-07T22:37:22 IST">
          <reporter-output>
          </reporter-output>
        </test-method> <!-- verifyPageTitle -->
        <test-method status="PASS" signature="stopServer()[pri:0, instance:com.mv.zamit.ZamitZcs.NotSureTest@612fc6eb]" name="stopServer" is-config="true" duration-ms="52" started-at="2020-06-07T22:37:22 IST" finished-at="2020-06-07T22:37:22 IST">
          <reporter-output>
          </reporter-output>
        </test-method> <!-- stopServer -->
      </class> <!-- com.mv.zamit.ZamitZcs.NotSureTest -->
      <class name="com.mv.zamit.ZamitZcs.ChildFormTest">
        <test-method status="PASS" signature="killAllNodes()[pri:0, instance:com.mv.zamit.ZamitZcs.ChildFormTest@87f383f]" name="killAllNodes" is-config="true" duration-ms="4045" started-at="2020-06-07T21:14:14 IST" finished-at="2020-06-07T21:14:19 IST">
          <reporter-output>
          </reporter-output>
        </test-method> <!-- killAllNodes -->
        <test-method status="PASS" signature="startServer1()[pri:0, instance:com.mv.zamit.ZamitZcs.ChildFormTest@87f383f]" name="startServer1" is-config="true" duration-ms="4240" started-at="2020-06-07T21:24:51 IST" finished-at="2020-06-07T21:24:55 IST">
          <reporter-output>
          </reporter-output>
        </test-method> <!-- startServer1 -->
        <test-method status="FAIL" signature="verifyAttendedPlaySchoolDropDown()[pri:0, instance:com.mv.zamit.ZamitZcs.ChildFormTest@87f383f]" name="verifyAttendedPlaySchoolDropDown" duration-ms="130503" started-at="2020-06-07T21:24:55 IST" finished-at="2020-06-07T21:27:05 IST">
          <exception class="org.openqa.selenium.NoSuchElementException">
            <message>
              <![CDATA[Can't locate an element by this strategy: By.chained({By.xpath: //android.widget.TextView[@text='Attended Play School']})]]>
            </message>
            <full-stacktrace>
              <![CDATA[org.openqa.selenium.NoSuchElementException: Can't locate an element by this strategy: By.chained({By.xpath: //android.widget.TextView[@text='Attended Play School']})
at io.appium.java_client.pagefactory.AppiumElementLocator.findElement(AppiumElementLocator.java:126)
at io.appium.java_client.pagefactory.interceptors.InterceptorOfASingleElement.intercept(InterceptorOfASingleElement.java:59)
at io.appium.java_client.android.AndroidElement$$EnhancerByCGLIB$$b598166c.click(<generated>)
at com.mv.zamit.ZamitZcs.ChildFormTest.verifyAttendedPlaySchoolDropDown(ChildFormTest.java:455)
at sun.reflect.NativeMethodAccessorImpl.invoke0(Native Method)
at sun.reflect.NativeMethodAccessorImpl.invoke(NativeMethodAccessorImpl.java:62)
at sun.reflect.DelegatingMethodAccessorImpl.invoke(DelegatingMethodAccessorImpl.java:43)
at java.lang.reflect.Method.invoke(Method.java:498)
at org.testng.internal.MethodInvocationHelper.invokeMethod(MethodInvocationHelper.java:134)
at org.testng.internal.TestInvoker.invokeMethod(TestInvoker.java:597)
at org.testng.internal.TestInvoker.invokeTestMethod(TestInvoker.java:173)
at org.testng.internal.MethodRunner.runInSequence(MethodRunner.java:46)
at org.testng.internal.TestInvoker$MethodInvocationAgent.invoke(TestInvoker.java:816)
at org.testng.internal.TestInvoker.invokeTestMethods(TestInvoker.java:146)
at org.testng.internal.TestMethodWorker.invokeTestMethods(TestMethodWorker.java:146)
at org.testng.internal.TestMethodWorker.run(TestMethodWorker.java:128)
at java.util.ArrayList.forEach(ArrayList.java:1257)
at org.testng.TestRunner.privateRun(TestRunner.java:766)
at org.testng.TestRunner.run(TestRunner.java:587)
at org.testng.SuiteRunner.runTest(SuiteRunner.java:384)
at org.testng.SuiteRunner.runSequentially(SuiteRunner.java:378)
at org.testng.SuiteRunner.privateRun(SuiteRunner.java:337)
at org.testng.SuiteRunner.run(SuiteRunner.java:286)
at org.testng.SuiteRunnerWorker.runSuite(SuiteRunnerWorker.java:53)
at org.testng.SuiteRunnerWorker.run(SuiteRunnerWorker.java:96)
at org.testng.TestNG.runSuitesSequentially(TestNG.java:1187)
at org.testng.TestNG.runSuitesLocally(TestNG.java:1109)
at org.testng.TestNG.runSuites(TestNG.java:1039)
at org.testng.TestNG.run(TestNG.java:1007)
at org.testng.remote.AbstractRemoteTestNG.run(AbstractRemoteTestNG.java:115)
at org.testng.remote.RemoteTestNG.initAndRun(RemoteTestNG.java:251)
at org.testng.remote.RemoteTestNG.main(RemoteTestNG.java:77)
Caused by: org.openqa.selenium.TimeoutException: Expected condition failed: waiting for io.appium.java_client.pagefactory.AppiumElementLocator$WaitingFunction@2822c6ff (tried for 1 second(s) with 500 milliseconds interval)
at org.openqa.selenium.support.ui.FluentWait.timeoutException(FluentWait.java:304)
at org.openqa.selenium.support.ui.FluentWait.until(FluentWait.java:272)
at io.appium.java_client.pagefactory.AppiumElementLocator.waitFor(AppiumElementLocator.java:99)
at io.appium.java_client.pagefactory.AppiumElementLocator.findElement(AppiumElementLocator.java:119)
... 31 more
Caused by: org.openqa.selenium.NoSuchElementException: Cannot locate an element using By.chained({By.xpath: //android.widget.TextView[@text='Attended Play School']})
For documentation on this error, please visit: https://www.seleniumhq.org/exceptions/no_such_element.html
Build info: version: '3.141.59', revision: 'e82be7d358', time: '2018-11-14T08:17:03'
System info: host: 'MLPT003', ip: '192.168.43.20', os.name: 'Windows 10', os.arch: 'amd64', os.version: '10.0', java.version: '1.8.0_231'
Driver info: driver.version: AndroidDriver
at io.appium.java_client.pagefactory.bys.builder.ByChained.findElement(ByChained.java:74)
at org.openqa.selenium.remote.RemoteWebDriver.findElement(RemoteWebDriver.java:315)
at io.appium.java_client.DefaultGenericMobileDriver.findElement(DefaultGenericMobileDriver.java:57)
at io.appium.java_client.AppiumDriver.findElement(AppiumDriver.java:1)
at io.appium.java_client.android.AndroidDriver.findElement(AndroidDriver.java:1)
at io.appium.java_client.pagefactory.bys.ContentMappedBy.findElement(ContentMappedBy.java:50)
at org.openqa.selenium.remote.RemoteWebDriver.findElement(RemoteWebDriver.java:315)
at io.appium.java_client.DefaultGenericMobileDriver.findElement(DefaultGenericMobileDriver.java:57)
at io.appium.java_client.AppiumDriver.findElement(AppiumDriver.java:1)
at io.appium.java_client.android.AndroidDriver.findElement(AndroidDriver.java:1)
at io.appium.java_client.pagefactory.AppiumElementLocator.lambda$0(AppiumElementLocator.java:120)
at io.appium.java_client.pagefactory.AppiumElementLocator$WaitingFunction.apply(AppiumElementLocator.java:172)
at io.appium.java_client.pagefactory.AppiumElementLocator$WaitingFunction.apply(AppiumElementLocator.java:1)
at org.openqa.selenium.support.ui.FluentWait.until(FluentWait.java:249)
... 33 more
]]>
            </full-stacktrace>
          </exception> <!-- org.openqa.selenium.NoSuchElementException -->
          <reporter-output>
          </reporter-output>
        </test-method> <!-- verifyAttendedPlaySchoolDropDown -->
        <test-method status="PASS" signature="stopServer()[pri:0, instance:com.mv.zamit.ZamitZcs.ChildFormTest@87f383f]" name="stopServer" is-config="true" duration-ms="52" started-at="2020-06-07T21:27:05 IST" finished-at="2020-06-07T21:27:06 IST">
          <reporter-output>
          </reporter-output>
        </test-method> <!-- stopServer -->
        <test-method status="PASS" signature="startServer1()[pri:0, instance:com.mv.zamit.ZamitZcs.ChildFormTest@87f383f]" name="startServer1" is-config="true" duration-ms="4320" started-at="2020-06-07T21:27:06 IST" finished-at="2020-06-07T21:27:10 IST">
          <reporter-output>
          </reporter-output>
        </test-method> <!-- startServer1 -->
        <test-method status="FAIL" signature="verifyChildLiveWithDropDown()[pri:0, instance:com.mv.zamit.ZamitZcs.ChildFormTest@87f383f]" name="verifyChildLiveWithDropDown" duration-ms="68413" started-at="2020-06-07T21:27:10 IST" finished-at="2020-06-07T21:28:18 IST">
          <exception class="org.openqa.selenium.NoSuchElementException">
            <message>
              <![CDATA[Can't locate an element by this strategy: By.chained({By.xpath: //android.widget.TextView[@text='Father']})]]>
            </message>
            <full-stacktrace>
              <![CDATA[org.openqa.selenium.NoSuchElementException: Can't locate an element by this strategy: By.chained({By.xpath: //android.widget.TextView[@text='Father']})
at io.appium.java_client.pagefactory.AppiumElementLocator.findElement(AppiumElementLocator.java:126)
at io.appium.java_client.pagefactory.interceptors.InterceptorOfASingleElement.intercept(InterceptorOfASingleElement.java:59)
at io.appium.java_client.android.AndroidElement$$EnhancerByCGLIB$$b598166c.click(<generated>)
at com.mv.zamit.ZamitZcs.ChildFormTest.verifyChildLiveWithDropDown(ChildFormTest.java:312)
at sun.reflect.NativeMethodAccessorImpl.invoke0(Native Method)
at sun.reflect.NativeMethodAccessorImpl.invoke(NativeMethodAccessorImpl.java:62)
at sun.reflect.DelegatingMethodAccessorImpl.invoke(DelegatingMethodAccessorImpl.java:43)
at java.lang.reflect.Method.invoke(Method.java:498)
at org.testng.internal.MethodInvocationHelper.invokeMethod(MethodInvocationHelper.java:134)
at org.testng.internal.TestInvoker.invokeMethod(TestInvoker.java:597)
at org.testng.internal.TestInvoker.invokeTestMethod(TestInvoker.java:173)
at org.testng.internal.MethodRunner.runInSequence(MethodRunner.java:46)
at org.testng.internal.TestInvoker$MethodInvocationAgent.invoke(TestInvoker.java:816)
at org.testng.internal.TestInvoker.invokeTestMethods(TestInvoker.java:146)
at org.testng.internal.TestMethodWorker.invokeTestMethods(TestMethodWorker.java:146)
at org.testng.internal.TestMethodWorker.run(TestMethodWorker.java:128)
at java.util.ArrayList.forEach(ArrayList.java:1257)
at org.testng.TestRunner.privateRun(TestRunner.java:766)
at org.testng.TestRunner.run(TestRunner.java:587)
at org.testng.SuiteRunner.runTest(SuiteRunner.java:384)
at org.testng.SuiteRunner.runSequentially(SuiteRunner.java:378)
at org.testng.SuiteRunner.privateRun(SuiteRunner.java:337)
at org.testng.SuiteRunner.run(SuiteRunner.java:286)
at org.testng.SuiteRunnerWorker.runSuite(SuiteRunnerWorker.java:53)
at org.testng.SuiteRunnerWorker.run(SuiteRunnerWorker.java:96)
at org.testng.TestNG.runSuitesSequentially(TestNG.java:1187)
at org.testng.TestNG.runSuitesLocally(TestNG.java:1109)
at org.testng.TestNG.runSuites(TestNG.java:1039)
at org.testng.TestNG.run(TestNG.java:1007)
at org.testng.remote.AbstractRemoteTestNG.run(AbstractRemoteTestNG.java:115)
at org.testng.remote.RemoteTestNG.initAndRun(RemoteTestNG.java:251)
at org.testng.remote.RemoteTestNG.main(RemoteTestNG.java:77)
Caused by: org.openqa.selenium.TimeoutException: Expected condition failed: waiting for io.appium.java_client.pagefactory.AppiumElementLocator$WaitingFunction@1f51431 (tried for 1 second(s) with 500 milliseconds interval)
at org.openqa.selenium.support.ui.FluentWait.timeoutException(FluentWait.java:304)
at org.openqa.selenium.support.ui.FluentWait.until(FluentWait.java:272)
at io.appium.java_client.pagefactory.AppiumElementLocator.waitFor(AppiumElementLocator.java:99)
at io.appium.java_client.pagefactory.AppiumElementLocator.findElement(AppiumElementLocator.java:119)
... 31 more
Caused by: org.openqa.selenium.NoSuchElementException: Cannot locate an element using By.chained({By.xpath: //android.widget.TextView[@text='Father']})
For documentation on this error, please visit: https://www.seleniumhq.org/exceptions/no_such_element.html
Build info: version: '3.141.59', revision: 'e82be7d358', time: '2018-11-14T08:17:03'
System info: host: 'MLPT003', ip: '192.168.43.20', os.name: 'Windows 10', os.arch: 'amd64', os.version: '10.0', java.version: '1.8.0_231'
Driver info: driver.version: AndroidDriver
at io.appium.java_client.pagefactory.bys.builder.ByChained.findElement(ByChained.java:74)
at org.openqa.selenium.remote.RemoteWebDriver.findElement(RemoteWebDriver.java:315)
at io.appium.java_client.DefaultGenericMobileDriver.findElement(DefaultGenericMobileDriver.java:57)
at io.appium.java_client.AppiumDriver.findElement(AppiumDriver.java:1)
at io.appium.java_client.android.AndroidDriver.findElement(AndroidDriver.java:1)
at io.appium.java_client.pagefactory.bys.ContentMappedBy.findElement(ContentMappedBy.java:50)
at org.openqa.selenium.remote.RemoteWebDriver.findElement(RemoteWebDriver.java:315)
at io.appium.java_client.DefaultGenericMobileDriver.findElement(DefaultGenericMobileDriver.java:57)
at io.appium.java_client.AppiumDriver.findElement(AppiumDriver.java:1)
at io.appium.java_client.android.AndroidDriver.findElement(AndroidDriver.java:1)
at io.appium.java_client.pagefactory.AppiumElementLocator.lambda$0(AppiumElementLocator.java:120)
at io.appium.java_client.pagefactory.AppiumElementLocator$WaitingFunction.apply(AppiumElementLocator.java:172)
at io.appium.java_client.pagefactory.AppiumElementLocator$WaitingFunction.apply(AppiumElementLocator.java:1)
at org.openqa.selenium.support.ui.FluentWait.until(FluentWait.java:249)
... 33 more
]]>
            </full-stacktrace>
          </exception> <!-- org.openqa.selenium.NoSuchElementException -->
          <reporter-output>
          </reporter-output>
        </test-method> <!-- verifyChildLiveWithDropDown -->
        <test-method status="PASS" signature="stopServer()[pri:0, instance:com.mv.zamit.ZamitZcs.ChildFormTest@87f383f]" name="stopServer" is-config="true" duration-ms="52" started-at="2020-06-07T21:28:18 IST" finished-at="2020-06-07T21:28:18 IST">
          <reporter-output>
          </reporter-output>
        </test-method> <!-- stopServer -->
        <test-method status="PASS" signature="startServer1()[pri:0, instance:com.mv.zamit.ZamitZcs.ChildFormTest@87f383f]" name="startServer1" is-config="true" duration-ms="4165" started-at="2020-06-07T21:28:18 IST" finished-at="2020-06-07T21:28:22 IST">
          <reporter-output>
          </reporter-output>
        </test-method> <!-- startServer1 -->
        <test-method status="PASS" signature="verifyCitizenshipButton()[pri:0, instance:com.mv.zamit.ZamitZcs.ChildFormTest@87f383f]" name="verifyCitizenshipButton" duration-ms="72762" started-at="2020-06-07T21:28:22 IST" finished-at="2020-06-07T21:29:35 IST">
          <reporter-output>
          </reporter-output>
        </test-method> <!-- verifyCitizenshipButton -->
        <test-method status="PASS" signature="stopServer()[pri:0, instance:com.mv.zamit.ZamitZcs.ChildFormTest@87f383f]" name="stopServer" is-config="true" duration-ms="102" started-at="2020-06-07T21:29:35 IST" finished-at="2020-06-07T21:29:35 IST">
          <reporter-output>
          </reporter-output>
        </test-method> <!-- stopServer -->
        <test-method status="PASS" signature="startServer1()[pri:0, instance:com.mv.zamit.ZamitZcs.ChildFormTest@87f383f]" name="startServer1" is-config="true" duration-ms="4453" started-at="2020-06-07T21:29:35 IST" finished-at="2020-06-07T21:29:40 IST">
          <reporter-output>
          </reporter-output>
        </test-method> <!-- startServer1 -->
        <test-method status="PASS" signature="verifyCityOfPlaySchoolField()[pri:0, instance:com.mv.zamit.ZamitZcs.ChildFormTest@87f383f]" name="verifyCityOfPlaySchoolField" duration-ms="77919" started-at="2020-06-07T21:29:40 IST" finished-at="2020-06-07T21:30:58 IST">
          <reporter-output>
          </reporter-output>
        </test-method> <!-- verifyCityOfPlaySchoolField -->
        <test-method status="PASS" signature="stopServer()[pri:0, instance:com.mv.zamit.ZamitZcs.ChildFormTest@87f383f]" name="stopServer" is-config="true" duration-ms="53" started-at="2020-06-07T21:30:58 IST" finished-at="2020-06-07T21:30:58 IST">
          <reporter-output>
          </reporter-output>
        </test-method> <!-- stopServer -->
        <test-method status="PASS" signature="startServer1()[pri:0, instance:com.mv.zamit.ZamitZcs.ChildFormTest@87f383f]" name="startServer1" is-config="true" duration-ms="4198" started-at="2020-06-07T21:30:58 IST" finished-at="2020-06-07T21:31:02 IST">
          <reporter-output>
          </reporter-output>
        </test-method> <!-- startServer1 -->
        <test-method status="PASS" signature="verifyCountryOfPlaySchoolField()[pri:0, instance:com.mv.zamit.ZamitZcs.ChildFormTest@87f383f]" name="verifyCountryOfPlaySchoolField" duration-ms="77366" started-at="2020-06-07T21:31:02 IST" finished-at="2020-06-07T21:32:19 IST">
          <reporter-output>
          </reporter-output>
        </test-method> <!-- verifyCountryOfPlaySchoolField -->
        <test-method status="PASS" signature="stopServer()[pri:0, instance:com.mv.zamit.ZamitZcs.ChildFormTest@87f383f]" name="stopServer" is-config="true" duration-ms="52" started-at="2020-06-07T21:32:19 IST" finished-at="2020-06-07T21:32:19 IST">
          <reporter-output>
          </reporter-output>
        </test-method> <!-- stopServer -->
        <test-method status="PASS" signature="startServer1()[pri:0, instance:com.mv.zamit.ZamitZcs.ChildFormTest@87f383f]" name="startServer1" is-config="true" duration-ms="4109" started-at="2020-06-07T21:32:19 IST" finished-at="2020-06-07T21:32:24 IST">
          <reporter-output>
          </reporter-output>
        </test-method> <!-- startServer1 -->
        <test-method status="PASS" signature="verifyDateOfBirthDD()[pri:0, instance:com.mv.zamit.ZamitZcs.ChildFormTest@87f383f]" name="verifyDateOfBirthDD" duration-ms="64581" started-at="2020-06-07T21:32:24 IST" finished-at="2020-06-07T21:33:28 IST">
          <reporter-output>
          </reporter-output>
        </test-method> <!-- verifyDateOfBirthDD -->
        <test-method status="PASS" signature="stopServer()[pri:0, instance:com.mv.zamit.ZamitZcs.ChildFormTest@87f383f]" name="stopServer" is-config="true" duration-ms="51" started-at="2020-06-07T21:33:28 IST" finished-at="2020-06-07T21:33:28 IST">
          <reporter-output>
          </reporter-output>
        </test-method> <!-- stopServer -->
        <test-method status="PASS" signature="startServer1()[pri:0, instance:com.mv.zamit.ZamitZcs.ChildFormTest@87f383f]" name="startServer1" is-config="true" duration-ms="4161" started-at="2020-06-07T21:33:28 IST" finished-at="2020-06-07T21:33:32 IST">
          <reporter-output>
          </reporter-output>
        </test-method> <!-- startServer1 -->
        <test-method status="FAIL" signature="verifyDateOfBirthMM()[pri:0, instance:com.mv.zamit.ZamitZcs.ChildFormTest@87f383f]" name="verifyDateOfBirthMM" duration-ms="66312" started-at="2020-06-07T21:33:32 IST" finished-at="2020-06-07T21:34:39 IST">
          <exception class="org.openqa.selenium.SessionNotCreatedException">
            <message>
              <![CDATA[Unable to create a new remote session. Please check the server log for more details. Original error: An unknown server-side error occurred while processing the command. Original error: Error executing adbExec. Original error: 'Command 'C:\\Users\\MV\\AppData\\Local\\Android\\Sdk\\platform-tools\\adb.exe -P 5037 -s emulator-5554 shell settings delete global hidden_api_policy_pre_p_apps' exited with code 20'; Stderr: 'cmd: Can't find service: settings'; Code: '20'
Build info: version: '3.141.59', revision: 'e82be7d358', time: '2018-11-14T08:17:03'
System info: host: 'MLPT003', ip: '192.168.43.20', os.name: 'Windows 10', os.arch: 'amd64', os.version: '10.0', java.version: '1.8.0_231'
Driver info: driver.version: AndroidDriver
remote stacktrace: UnknownError: An unknown server-side error occurred while processing the command. Original error: Error executing adbExec. Original error: 'Command 'C:\\Users\\MV\\AppData\\Local\\Android\\Sdk\\platform-tools\\adb.exe -P 5037 -s emulator-5554 shell settings delete global hidden_api_policy_pre_p_apps' exited with code 20'; Stderr: 'cmd: Can't find service: settings'; Code: '20'
    at getResponseForW3CError (C:\Users\MV\AppData\Roaming\npm\node_modules\appium\node_modules\appium-base-driver\lib\protocol\errors.js:804:9)
    at asyncHandler (C:\Users\MV\AppData\Roaming\npm\node_modules\appium\node_modules\appium-base-driver\lib\protocol\protocol.js:388:37)
Build info: version: '3.141.59', revision: 'e82be7d358', time: '2018-11-14T08:17:03'
System info: host: 'MLPT003', ip: '192.168.43.20', os.name: 'Windows 10', os.arch: 'amd64', os.version: '10.0', java.version: '1.8.0_231'
Driver info: driver.version: AndroidDriver]]>
            </message>
            <full-stacktrace>
              <![CDATA[org.openqa.selenium.SessionNotCreatedException: Unable to create a new remote session. Please check the server log for more details. Original error: An unknown server-side error occurred while processing the command. Original error: Error executing adbExec. Original error: 'Command 'C:\\Users\\MV\\AppData\\Local\\Android\\Sdk\\platform-tools\\adb.exe -P 5037 -s emulator-5554 shell settings delete global hidden_api_policy_pre_p_apps' exited with code 20'; Stderr: 'cmd: Can't find service: settings'; Code: '20'
Build info: version: '3.141.59', revision: 'e82be7d358', time: '2018-11-14T08:17:03'
System info: host: 'MLPT003', ip: '192.168.43.20', os.name: 'Windows 10', os.arch: 'amd64', os.version: '10.0', java.version: '1.8.0_231'
Driver info: driver.version: AndroidDriver
remote stacktrace: UnknownError: An unknown server-side error occurred while processing the command. Original error: Error executing adbExec. Original error: 'Command 'C:\\Users\\MV\\AppData\\Local\\Android\\Sdk\\platform-tools\\adb.exe -P 5037 -s emulator-5554 shell settings delete global hidden_api_policy_pre_p_apps' exited with code 20'; Stderr: 'cmd: Can't find service: settings'; Code: '20'
    at getResponseForW3CError (C:\Users\MV\AppData\Roaming\npm\node_modules\appium\node_modules\appium-base-driver\lib\protocol\errors.js:804:9)
    at asyncHandler (C:\Users\MV\AppData\Roaming\npm\node_modules\appium\node_modules\appium-base-driver\lib\protocol\protocol.js:388:37)
Build info: version: '3.141.59', revision: 'e82be7d358', time: '2018-11-14T08:17:03'
System info: host: 'MLPT003', ip: '192.168.43.20', os.name: 'Windows 10', os.arch: 'amd64', os.version: '10.0', java.version: '1.8.0_231'
Driver info: driver.version: AndroidDriver
at io.appium.java_client.remote.AppiumCommandExecutor$1.createSession(AppiumCommandExecutor.java:208)
at io.appium.java_client.remote.AppiumCommandExecutor.createSession(AppiumCommandExecutor.java:217)
at io.appium.java_client.remote.AppiumCommandExecutor.execute(AppiumCommandExecutor.java:239)
at org.openqa.selenium.remote.RemoteWebDriver.execute(RemoteWebDriver.java:552)
at io.appium.java_client.DefaultGenericMobileDriver.execute(DefaultGenericMobileDriver.java:41)
at io.appium.java_client.AppiumDriver.execute(AppiumDriver.java:1)
at io.appium.java_client.android.AndroidDriver.execute(AndroidDriver.java:1)
at org.openqa.selenium.remote.RemoteWebDriver.startSession(RemoteWebDriver.java:213)
at io.appium.java_client.AppiumDriver.startSession(AppiumDriver.java:336)
at org.openqa.selenium.remote.RemoteWebDriver.<init>(RemoteWebDriver.java:131)
at io.appium.java_client.DefaultGenericMobileDriver.<init>(DefaultGenericMobileDriver.java:37)
at io.appium.java_client.AppiumDriver.<init>(AppiumDriver.java:88)
at io.appium.java_client.AppiumDriver.<init>(AppiumDriver.java:98)
at io.appium.java_client.android.AndroidDriver.<init>(AndroidDriver.java:94)
at com.mv.zamit.ZamitZcs.Base1.capabilities(Base1.java:104)
at com.mv.zamit.ZamitZcs.ChildFormTest.appLaunch(ChildFormTest.java:855)
at com.mv.zamit.ZamitZcs.ChildFormTest.verifyDateOfBirthMM(ChildFormTest.java:119)
at sun.reflect.NativeMethodAccessorImpl.invoke0(Native Method)
at sun.reflect.NativeMethodAccessorImpl.invoke(NativeMethodAccessorImpl.java:62)
at sun.reflect.DelegatingMethodAccessorImpl.invoke(DelegatingMethodAccessorImpl.java:43)
at java.lang.reflect.Method.invoke(Method.java:498)
at org.testng.internal.MethodInvocationHelper.invokeMethod(MethodInvocationHelper.java:134)
at org.testng.internal.TestInvoker.invokeMethod(TestInvoker.java:597)
at org.testng.internal.TestInvoker.invokeTestMethod(TestInvoker.java:173)
at org.testng.internal.MethodRunner.runInSequence(MethodRunner.java:46)
at org.testng.internal.TestInvoker$MethodInvocationAgent.invoke(TestInvoker.java:816)
at org.testng.internal.TestInvoker.invokeTestMethods(TestInvoker.java:146)
at org.testng.internal.TestMethodWorker.invokeTestMethods(TestMethodWorker.java:146)
at org.testng.internal.TestMethodWorker.run(TestMethodWorker.java:128)
at java.util.ArrayList.forEach(ArrayList.java:1257)
at org.testng.TestRunner.privateRun(TestRunner.java:766)
at org.testng.TestRunner.run(TestRunner.java:587)
at org.testng.SuiteRunner.runTest(SuiteRunner.java:384)
at org.testng.SuiteRunner.runSequentially(SuiteRunner.java:378)
at org.testng.SuiteRunner.privateRun(SuiteRunner.java:337)
at org.testng.SuiteRunner.run(SuiteRunner.java:286)
at org.testng.SuiteRunnerWorker.runSuite(SuiteRunnerWorker.java:53)
at org.testng.SuiteRunnerWorker.run(SuiteRunnerWorker.java:96)
at org.testng.TestNG.runSuitesSequentially(TestNG.java:1187)
at org.testng.TestNG.runSuitesLocally(TestNG.java:1109)
at org.testng.TestNG.runSuites(TestNG.java:1039)
at org.testng.TestNG.run(TestNG.java:1007)
at org.testng.remote.AbstractRemoteTestNG.run(AbstractRemoteTestNG.java:115)
at org.testng.remote.RemoteTestNG.initAndRun(RemoteTestNG.java:251)
at org.testng.remote.RemoteTestNG.main(RemoteTestNG.java:77)
Caused by: java.lang.reflect.InvocationTargetException
at sun.reflect.GeneratedMethodAccessor9.invoke(Unknown Source)
at sun.reflect.DelegatingMethodAccessorImpl.invoke(DelegatingMethodAccessorImpl.java:43)
at java.lang.reflect.Method.invoke(Method.java:498)
at io.appium.java_client.remote.AppiumCommandExecutor$1.createSession(AppiumCommandExecutor.java:186)
... 44 more
Caused by: org.openqa.selenium.WebDriverException: An unknown server-side error occurred while processing the command. Original error: Error executing adbExec. Original error: 'Command 'C:\\Users\\MV\\AppData\\Local\\Android\\Sdk\\platform-tools\\adb.exe -P 5037 -s emulator-5554 shell settings delete global hidden_api_policy_pre_p_apps' exited with code 20'; Stderr: 'cmd: Can't find service: settings'; Code: '20'
Build info: version: '3.141.59', revision: 'e82be7d358', time: '2018-11-14T08:17:03'
System info: host: 'MLPT003', ip: '192.168.43.20', os.name: 'Windows 10', os.arch: 'amd64', os.version: '10.0', java.version: '1.8.0_231'
Driver info: driver.version: AndroidDriver
remote stacktrace: UnknownError: An unknown server-side error occurred while processing the command. Original error: Error executing adbExec. Original error: 'Command 'C:\\Users\\MV\\AppData\\Local\\Android\\Sdk\\platform-tools\\adb.exe -P 5037 -s emulator-5554 shell settings delete global hidden_api_policy_pre_p_apps' exited with code 20'; Stderr: 'cmd: Can't find service: settings'; Code: '20'
    at getResponseForW3CError (C:\Users\MV\AppData\Roaming\npm\node_modules\appium\node_modules\appium-base-driver\lib\protocol\errors.js:804:9)
    at asyncHandler (C:\Users\MV\AppData\Roaming\npm\node_modules\appium\node_modules\appium-base-driver\lib\protocol\protocol.js:388:37)
at sun.reflect.NativeConstructorAccessorImpl.newInstance0(Native Method)
at sun.reflect.NativeConstructorAccessorImpl.newInstance(NativeConstructorAccessorImpl.java:62)
at sun.reflect.DelegatingConstructorAccessorImpl.newInstance(DelegatingConstructorAccessorImpl.java:45)
at java.lang.reflect.Constructor.newInstance(Constructor.java:423)
at org.openqa.selenium.remote.W3CHandshakeResponse.lambda$errorHandler$0(W3CHandshakeResponse.java:62)
at org.openqa.selenium.remote.HandshakeResponse.lambda$getResponseFunction$0(HandshakeResponse.java:30)
at org.openqa.selenium.remote.ProtocolHandshake.lambda$createSession$0(ProtocolHandshake.java:126)
at java.util.stream.ReferencePipeline$3$1.accept(ReferencePipeline.java:193)
at java.util.Spliterators$ArraySpliterator.tryAdvance(Spliterators.java:958)
at java.util.stream.ReferencePipeline.forEachWithCancel(ReferencePipeline.java:126)
at java.util.stream.AbstractPipeline.copyIntoWithCancel(AbstractPipeline.java:499)
at java.util.stream.AbstractPipeline.copyInto(AbstractPipeline.java:486)
at java.util.stream.AbstractPipeline.wrapAndCopyInto(AbstractPipeline.java:472)
at java.util.stream.FindOps$FindOp.evaluateSequential(FindOps.java:152)
at java.util.stream.AbstractPipeline.evaluate(AbstractPipeline.java:234)
at java.util.stream.ReferencePipeline.findFirst(ReferencePipeline.java:464)
at org.openqa.selenium.remote.ProtocolHandshake.createSession(ProtocolHandshake.java:128)
... 48 more
]]>
            </full-stacktrace>
          </exception> <!-- org.openqa.selenium.SessionNotCreatedException -->
          <reporter-output>
          </reporter-output>
        </test-method> <!-- verifyDateOfBirthMM -->
        <test-method status="PASS" signature="stopServer()[pri:0, instance:com.mv.zamit.ZamitZcs.ChildFormTest@87f383f]" name="stopServer" is-config="true" duration-ms="51" started-at="2020-06-07T21:34:39 IST" finished-at="2020-06-07T21:34:39 IST">
          <reporter-output>
          </reporter-output>
        </test-method> <!-- stopServer -->
        <test-method status="PASS" signature="startServer1()[pri:0, instance:com.mv.zamit.ZamitZcs.ChildFormTest@87f383f]" name="startServer1" is-config="true" duration-ms="5419" started-at="2020-06-07T21:34:39 IST" finished-at="2020-06-07T21:34:44 IST">
          <reporter-output>
          </reporter-output>
        </test-method> <!-- startServer1 -->
        <test-method status="FAIL" signature="verifyDateOfBirthYY()[pri:0, instance:com.mv.zamit.ZamitZcs.ChildFormTest@87f383f]" name="verifyDateOfBirthYY" duration-ms="13476" started-at="2020-06-07T21:34:44 IST" finished-at="2020-06-07T21:34:58 IST">
          <exception class="org.openqa.selenium.SessionNotCreatedException">
            <message>
              <![CDATA[Unable to create a new remote session. Please check the server log for more details. Original error: An unknown server-side error occurred while processing the command. Original error: Error executing adbExec. Original error: 'Command 'C:\\Users\\MV\\AppData\\Local\\Android\\Sdk\\platform-tools\\adb.exe -P 5037 -s emulator-5554 shell settings delete global hidden_api_policy_pre_p_apps' exited with code 20'; Stderr: 'cmd: Can't find service: settings'; Code: '20'
Build info: version: '3.141.59', revision: 'e82be7d358', time: '2018-11-14T08:17:03'
System info: host: 'MLPT003', ip: '192.168.43.20', os.name: 'Windows 10', os.arch: 'amd64', os.version: '10.0', java.version: '1.8.0_231'
Driver info: driver.version: AndroidDriver
remote stacktrace: UnknownError: An unknown server-side error occurred while processing the command. Original error: Error executing adbExec. Original error: 'Command 'C:\\Users\\MV\\AppData\\Local\\Android\\Sdk\\platform-tools\\adb.exe -P 5037 -s emulator-5554 shell settings delete global hidden_api_policy_pre_p_apps' exited with code 20'; Stderr: 'cmd: Can't find service: settings'; Code: '20'
    at getResponseForW3CError (C:\Users\MV\AppData\Roaming\npm\node_modules\appium\node_modules\appium-base-driver\lib\protocol\errors.js:804:9)
    at asyncHandler (C:\Users\MV\AppData\Roaming\npm\node_modules\appium\node_modules\appium-base-driver\lib\protocol\protocol.js:388:37)
Build info: version: '3.141.59', revision: 'e82be7d358', time: '2018-11-14T08:17:03'
System info: host: 'MLPT003', ip: '192.168.43.20', os.name: 'Windows 10', os.arch: 'amd64', os.version: '10.0', java.version: '1.8.0_231'
Driver info: driver.version: AndroidDriver]]>
            </message>
            <full-stacktrace>
              <![CDATA[org.openqa.selenium.SessionNotCreatedException: Unable to create a new remote session. Please check the server log for more details. Original error: An unknown server-side error occurred while processing the command. Original error: Error executing adbExec. Original error: 'Command 'C:\\Users\\MV\\AppData\\Local\\Android\\Sdk\\platform-tools\\adb.exe -P 5037 -s emulator-5554 shell settings delete global hidden_api_policy_pre_p_apps' exited with code 20'; Stderr: 'cmd: Can't find service: settings'; Code: '20'
Build info: version: '3.141.59', revision: 'e82be7d358', time: '2018-11-14T08:17:03'
System info: host: 'MLPT003', ip: '192.168.43.20', os.name: 'Windows 10', os.arch: 'amd64', os.version: '10.0', java.version: '1.8.0_231'
Driver info: driver.version: AndroidDriver
remote stacktrace: UnknownError: An unknown server-side error occurred while processing the command. Original error: Error executing adbExec. Original error: 'Command 'C:\\Users\\MV\\AppData\\Local\\Android\\Sdk\\platform-tools\\adb.exe -P 5037 -s emulator-5554 shell settings delete global hidden_api_policy_pre_p_apps' exited with code 20'; Stderr: 'cmd: Can't find service: settings'; Code: '20'
    at getResponseForW3CError (C:\Users\MV\AppData\Roaming\npm\node_modules\appium\node_modules\appium-base-driver\lib\protocol\errors.js:804:9)
    at asyncHandler (C:\Users\MV\AppData\Roaming\npm\node_modules\appium\node_modules\appium-base-driver\lib\protocol\protocol.js:388:37)
Build info: version: '3.141.59', revision: 'e82be7d358', time: '2018-11-14T08:17:03'
System info: host: 'MLPT003', ip: '192.168.43.20', os.name: 'Windows 10', os.arch: 'amd64', os.version: '10.0', java.version: '1.8.0_231'
Driver info: driver.version: AndroidDriver
at io.appium.java_client.remote.AppiumCommandExecutor$1.createSession(AppiumCommandExecutor.java:208)
at io.appium.java_client.remote.AppiumCommandExecutor.createSession(AppiumCommandExecutor.java:217)
at io.appium.java_client.remote.AppiumCommandExecutor.execute(AppiumCommandExecutor.java:239)
at org.openqa.selenium.remote.RemoteWebDriver.execute(RemoteWebDriver.java:552)
at io.appium.java_client.DefaultGenericMobileDriver.execute(DefaultGenericMobileDriver.java:41)
at io.appium.java_client.AppiumDriver.execute(AppiumDriver.java:1)
at io.appium.java_client.android.AndroidDriver.execute(AndroidDriver.java:1)
at org.openqa.selenium.remote.RemoteWebDriver.startSession(RemoteWebDriver.java:213)
at io.appium.java_client.AppiumDriver.startSession(AppiumDriver.java:336)
at org.openqa.selenium.remote.RemoteWebDriver.<init>(RemoteWebDriver.java:131)
at io.appium.java_client.DefaultGenericMobileDriver.<init>(DefaultGenericMobileDriver.java:37)
at io.appium.java_client.AppiumDriver.<init>(AppiumDriver.java:88)
at io.appium.java_client.AppiumDriver.<init>(AppiumDriver.java:98)
at io.appium.java_client.android.AndroidDriver.<init>(AndroidDriver.java:94)
at com.mv.zamit.ZamitZcs.Base1.capabilities(Base1.java:104)
at com.mv.zamit.ZamitZcs.ChildFormTest.appLaunch(ChildFormTest.java:855)
at com.mv.zamit.ZamitZcs.ChildFormTest.verifyDateOfBirthYY(ChildFormTest.java:168)
at sun.reflect.NativeMethodAccessorImpl.invoke0(Native Method)
at sun.reflect.NativeMethodAccessorImpl.invoke(NativeMethodAccessorImpl.java:62)
at sun.reflect.DelegatingMethodAccessorImpl.invoke(DelegatingMethodAccessorImpl.java:43)
at java.lang.reflect.Method.invoke(Method.java:498)
at org.testng.internal.MethodInvocationHelper.invokeMethod(MethodInvocationHelper.java:134)
at org.testng.internal.TestInvoker.invokeMethod(TestInvoker.java:597)
at org.testng.internal.TestInvoker.invokeTestMethod(TestInvoker.java:173)
at org.testng.internal.MethodRunner.runInSequence(MethodRunner.java:46)
at org.testng.internal.TestInvoker$MethodInvocationAgent.invoke(TestInvoker.java:816)
at org.testng.internal.TestInvoker.invokeTestMethods(TestInvoker.java:146)
at org.testng.internal.TestMethodWorker.invokeTestMethods(TestMethodWorker.java:146)
at org.testng.internal.TestMethodWorker.run(TestMethodWorker.java:128)
at java.util.ArrayList.forEach(ArrayList.java:1257)
at org.testng.TestRunner.privateRun(TestRunner.java:766)
at org.testng.TestRunner.run(TestRunner.java:587)
at org.testng.SuiteRunner.runTest(SuiteRunner.java:384)
at org.testng.SuiteRunner.runSequentially(SuiteRunner.java:378)
at org.testng.SuiteRunner.privateRun(SuiteRunner.java:337)
at org.testng.SuiteRunner.run(SuiteRunner.java:286)
at org.testng.SuiteRunnerWorker.runSuite(SuiteRunnerWorker.java:53)
at org.testng.SuiteRunnerWorker.run(SuiteRunnerWorker.java:96)
at org.testng.TestNG.runSuitesSequentially(TestNG.java:1187)
at org.testng.TestNG.runSuitesLocally(TestNG.java:1109)
at org.testng.TestNG.runSuites(TestNG.java:1039)
at org.testng.TestNG.run(TestNG.java:1007)
at org.testng.remote.AbstractRemoteTestNG.run(AbstractRemoteTestNG.java:115)
at org.testng.remote.RemoteTestNG.initAndRun(RemoteTestNG.java:251)
at org.testng.remote.RemoteTestNG.main(RemoteTestNG.java:77)
Caused by: java.lang.reflect.InvocationTargetException
at sun.reflect.GeneratedMethodAccessor9.invoke(Unknown Source)
at sun.reflect.DelegatingMethodAccessorImpl.invoke(DelegatingMethodAccessorImpl.java:43)
at java.lang.reflect.Method.invoke(Method.java:498)
at io.appium.java_client.remote.AppiumCommandExecutor$1.createSession(AppiumCommandExecutor.java:186)
... 44 more
Caused by: org.openqa.selenium.WebDriverException: An unknown server-side error occurred while processing the command. Original error: Error executing adbExec. Original error: 'Command 'C:\\Users\\MV\\AppData\\Local\\Android\\Sdk\\platform-tools\\adb.exe -P 5037 -s emulator-5554 shell settings delete global hidden_api_policy_pre_p_apps' exited with code 20'; Stderr: 'cmd: Can't find service: settings'; Code: '20'
Build info: version: '3.141.59', revision: 'e82be7d358', time: '2018-11-14T08:17:03'
System info: host: 'MLPT003', ip: '192.168.43.20', os.name: 'Windows 10', os.arch: 'amd64', os.version: '10.0', java.version: '1.8.0_231'
Driver info: driver.version: AndroidDriver
remote stacktrace: UnknownError: An unknown server-side error occurred while processing the command. Original error: Error executing adbExec. Original error: 'Command 'C:\\Users\\MV\\AppData\\Local\\Android\\Sdk\\platform-tools\\adb.exe -P 5037 -s emulator-5554 shell settings delete global hidden_api_policy_pre_p_apps' exited with code 20'; Stderr: 'cmd: Can't find service: settings'; Code: '20'
    at getResponseForW3CError (C:\Users\MV\AppData\Roaming\npm\node_modules\appium\node_modules\appium-base-driver\lib\protocol\errors.js:804:9)
    at asyncHandler (C:\Users\MV\AppData\Roaming\npm\node_modules\appium\node_modules\appium-base-driver\lib\protocol\protocol.js:388:37)
at sun.reflect.NativeConstructorAccessorImpl.newInstance0(Native Method)
at sun.reflect.NativeConstructorAccessorImpl.newInstance(NativeConstructorAccessorImpl.java:62)
at sun.reflect.DelegatingConstructorAccessorImpl.newInstance(DelegatingConstructorAccessorImpl.java:45)
at java.lang.reflect.Constructor.newInstance(Constructor.java:423)
at org.openqa.selenium.remote.W3CHandshakeResponse.lambda$errorHandler$0(W3CHandshakeResponse.java:62)
at org.openqa.selenium.remote.HandshakeResponse.lambda$getResponseFunction$0(HandshakeResponse.java:30)
at org.openqa.selenium.remote.ProtocolHandshake.lambda$createSession$0(ProtocolHandshake.java:126)
at java.util.stream.ReferencePipeline$3$1.accept(ReferencePipeline.java:193)
at java.util.Spliterators$ArraySpliterator.tryAdvance(Spliterators.java:958)
at java.util.stream.ReferencePipeline.forEachWithCancel(ReferencePipeline.java:126)
at java.util.stream.AbstractPipeline.copyIntoWithCancel(AbstractPipeline.java:499)
at java.util.stream.AbstractPipeline.copyInto(AbstractPipeline.java:486)
at java.util.stream.AbstractPipeline.wrapAndCopyInto(AbstractPipeline.java:472)
at java.util.stream.FindOps$FindOp.evaluateSequential(FindOps.java:152)
at java.util.stream.AbstractPipeline.evaluate(AbstractPipeline.java:234)
at java.util.stream.ReferencePipeline.findFirst(ReferencePipeline.java:464)
at org.openqa.selenium.remote.ProtocolHandshake.createSession(ProtocolHandshake.java:128)
... 48 more
]]>
            </full-stacktrace>
          </exception> <!-- org.openqa.selenium.SessionNotCreatedException -->
          <reporter-output>
          </reporter-output>
        </test-method> <!-- verifyDateOfBirthYY -->
        <test-method status="PASS" signature="stopServer()[pri:0, instance:com.mv.zamit.ZamitZcs.ChildFormTest@87f383f]" name="stopServer" is-config="true" duration-ms="103" started-at="2020-06-07T21:34:58 IST" finished-at="2020-06-07T21:34:58 IST">
          <reporter-output>
          </reporter-output>
        </test-method> <!-- stopServer -->
        <test-method status="PASS" signature="startServer1()[pri:0, instance:com.mv.zamit.ZamitZcs.ChildFormTest@87f383f]" name="startServer1" is-config="true" duration-ms="12340" started-at="2020-06-07T21:34:58 IST" finished-at="2020-06-07T21:35:10 IST">
          <reporter-output>
          </reporter-output>
        </test-method> <!-- startServer1 -->
        <test-method status="FAIL" signature="verifyEthnicitydropdown()[pri:0, instance:com.mv.zamit.ZamitZcs.ChildFormTest@87f383f]" name="verifyEthnicitydropdown" duration-ms="41250" started-at="2020-06-07T21:35:10 IST" finished-at="2020-06-07T21:35:51 IST">
          <exception class="org.openqa.selenium.SessionNotCreatedException">
            <message>
              <![CDATA[Unable to create a new remote session. Please check the server log for more details. Original error: An unknown server-side error occurred while processing the command. Original error: Failed to launch Appium Settings app: Condition unmet after 5788 ms. Timing out.
Build info: version: '3.141.59', revision: 'e82be7d358', time: '2018-11-14T08:17:03'
System info: host: 'MLPT003', ip: '192.168.43.20', os.name: 'Windows 10', os.arch: 'amd64', os.version: '10.0', java.version: '1.8.0_231'
Driver info: driver.version: AndroidDriver
remote stacktrace: UnknownError: An unknown server-side error occurred while processing the command. Original error: Failed to launch Appium Settings app: Condition unmet after 5788 ms. Timing out.
    at getResponseForW3CError (C:\Users\MV\AppData\Roaming\npm\node_modules\appium\node_modules\appium-base-driver\lib\protocol\errors.js:804:9)
    at asyncHandler (C:\Users\MV\AppData\Roaming\npm\node_modules\appium\node_modules\appium-base-driver\lib\protocol\protocol.js:388:37)
Build info: version: '3.141.59', revision: 'e82be7d358', time: '2018-11-14T08:17:03'
System info: host: 'MLPT003', ip: '192.168.43.20', os.name: 'Windows 10', os.arch: 'amd64', os.version: '10.0', java.version: '1.8.0_231'
Driver info: driver.version: AndroidDriver]]>
            </message>
            <full-stacktrace>
              <![CDATA[org.openqa.selenium.SessionNotCreatedException: Unable to create a new remote session. Please check the server log for more details. Original error: An unknown server-side error occurred while processing the command. Original error: Failed to launch Appium Settings app: Condition unmet after 5788 ms. Timing out.
Build info: version: '3.141.59', revision: 'e82be7d358', time: '2018-11-14T08:17:03'
System info: host: 'MLPT003', ip: '192.168.43.20', os.name: 'Windows 10', os.arch: 'amd64', os.version: '10.0', java.version: '1.8.0_231'
Driver info: driver.version: AndroidDriver
remote stacktrace: UnknownError: An unknown server-side error occurred while processing the command. Original error: Failed to launch Appium Settings app: Condition unmet after 5788 ms. Timing out.
    at getResponseForW3CError (C:\Users\MV\AppData\Roaming\npm\node_modules\appium\node_modules\appium-base-driver\lib\protocol\errors.js:804:9)
    at asyncHandler (C:\Users\MV\AppData\Roaming\npm\node_modules\appium\node_modules\appium-base-driver\lib\protocol\protocol.js:388:37)
Build info: version: '3.141.59', revision: 'e82be7d358', time: '2018-11-14T08:17:03'
System info: host: 'MLPT003', ip: '192.168.43.20', os.name: 'Windows 10', os.arch: 'amd64', os.version: '10.0', java.version: '1.8.0_231'
Driver info: driver.version: AndroidDriver
at io.appium.java_client.remote.AppiumCommandExecutor$1.createSession(AppiumCommandExecutor.java:208)
at io.appium.java_client.remote.AppiumCommandExecutor.createSession(AppiumCommandExecutor.java:217)
at io.appium.java_client.remote.AppiumCommandExecutor.execute(AppiumCommandExecutor.java:239)
at org.openqa.selenium.remote.RemoteWebDriver.execute(RemoteWebDriver.java:552)
at io.appium.java_client.DefaultGenericMobileDriver.execute(DefaultGenericMobileDriver.java:41)
at io.appium.java_client.AppiumDriver.execute(AppiumDriver.java:1)
at io.appium.java_client.android.AndroidDriver.execute(AndroidDriver.java:1)
at org.openqa.selenium.remote.RemoteWebDriver.startSession(RemoteWebDriver.java:213)
at io.appium.java_client.AppiumDriver.startSession(AppiumDriver.java:336)
at org.openqa.selenium.remote.RemoteWebDriver.<init>(RemoteWebDriver.java:131)
at io.appium.java_client.DefaultGenericMobileDriver.<init>(DefaultGenericMobileDriver.java:37)
at io.appium.java_client.AppiumDriver.<init>(AppiumDriver.java:88)
at io.appium.java_client.AppiumDriver.<init>(AppiumDriver.java:98)
at io.appium.java_client.android.AndroidDriver.<init>(AndroidDriver.java:94)
at com.mv.zamit.ZamitZcs.Base1.capabilities(Base1.java:104)
at com.mv.zamit.ZamitZcs.ChildFormTest.appLaunch(ChildFormTest.java:855)
at com.mv.zamit.ZamitZcs.ChildFormTest.verifyEthnicitydropdown(ChildFormTest.java:259)
at sun.reflect.NativeMethodAccessorImpl.invoke0(Native Method)
at sun.reflect.NativeMethodAccessorImpl.invoke(NativeMethodAccessorImpl.java:62)
at sun.reflect.DelegatingMethodAccessorImpl.invoke(DelegatingMethodAccessorImpl.java:43)
at java.lang.reflect.Method.invoke(Method.java:498)
at org.testng.internal.MethodInvocationHelper.invokeMethod(MethodInvocationHelper.java:134)
at org.testng.internal.TestInvoker.invokeMethod(TestInvoker.java:597)
at org.testng.internal.TestInvoker.invokeTestMethod(TestInvoker.java:173)
at org.testng.internal.MethodRunner.runInSequence(MethodRunner.java:46)
at org.testng.internal.TestInvoker$MethodInvocationAgent.invoke(TestInvoker.java:816)
at org.testng.internal.TestInvoker.invokeTestMethods(TestInvoker.java:146)
at org.testng.internal.TestMethodWorker.invokeTestMethods(TestMethodWorker.java:146)
at org.testng.internal.TestMethodWorker.run(TestMethodWorker.java:128)
at java.util.ArrayList.forEach(ArrayList.java:1257)
at org.testng.TestRunner.privateRun(TestRunner.java:766)
at org.testng.TestRunner.run(TestRunner.java:587)
at org.testng.SuiteRunner.runTest(SuiteRunner.java:384)
at org.testng.SuiteRunner.runSequentially(SuiteRunner.java:378)
at org.testng.SuiteRunner.privateRun(SuiteRunner.java:337)
at org.testng.SuiteRunner.run(SuiteRunner.java:286)
at org.testng.SuiteRunnerWorker.runSuite(SuiteRunnerWorker.java:53)
at org.testng.SuiteRunnerWorker.run(SuiteRunnerWorker.java:96)
at org.testng.TestNG.runSuitesSequentially(TestNG.java:1187)
at org.testng.TestNG.runSuitesLocally(TestNG.java:1109)
at org.testng.TestNG.runSuites(TestNG.java:1039)
at org.testng.TestNG.run(TestNG.java:1007)
at org.testng.remote.AbstractRemoteTestNG.run(AbstractRemoteTestNG.java:115)
at org.testng.remote.RemoteTestNG.initAndRun(RemoteTestNG.java:251)
at org.testng.remote.RemoteTestNG.main(RemoteTestNG.java:77)
Caused by: java.lang.reflect.InvocationTargetException
at sun.reflect.GeneratedMethodAccessor9.invoke(Unknown Source)
at sun.reflect.DelegatingMethodAccessorImpl.invoke(DelegatingMethodAccessorImpl.java:43)
at java.lang.reflect.Method.invoke(Method.java:498)
at io.appium.java_client.remote.AppiumCommandExecutor$1.createSession(AppiumCommandExecutor.java:186)
... 44 more
Caused by: org.openqa.selenium.WebDriverException: An unknown server-side error occurred while processing the command. Original error: Failed to launch Appium Settings app: Condition unmet after 5788 ms. Timing out.
Build info: version: '3.141.59', revision: 'e82be7d358', time: '2018-11-14T08:17:03'
System info: host: 'MLPT003', ip: '192.168.43.20', os.name: 'Windows 10', os.arch: 'amd64', os.version: '10.0', java.version: '1.8.0_231'
Driver info: driver.version: AndroidDriver
remote stacktrace: UnknownError: An unknown server-side error occurred while processing the command. Original error: Failed to launch Appium Settings app: Condition unmet after 5788 ms. Timing out.
    at getResponseForW3CError (C:\Users\MV\AppData\Roaming\npm\node_modules\appium\node_modules\appium-base-driver\lib\protocol\errors.js:804:9)
    at asyncHandler (C:\Users\MV\AppData\Roaming\npm\node_modules\appium\node_modules\appium-base-driver\lib\protocol\protocol.js:388:37)
at sun.reflect.NativeConstructorAccessorImpl.newInstance0(Native Method)
at sun.reflect.NativeConstructorAccessorImpl.newInstance(NativeConstructorAccessorImpl.java:62)
at sun.reflect.DelegatingConstructorAccessorImpl.newInstance(DelegatingConstructorAccessorImpl.java:45)
at java.lang.reflect.Constructor.newInstance(Constructor.java:423)
at org.openqa.selenium.remote.W3CHandshakeResponse.lambda$errorHandler$0(W3CHandshakeResponse.java:62)
at org.openqa.selenium.remote.HandshakeResponse.lambda$getResponseFunction$0(HandshakeResponse.java:30)
at org.openqa.selenium.remote.ProtocolHandshake.lambda$createSession$0(ProtocolHandshake.java:126)
at java.util.stream.ReferencePipeline$3$1.accept(ReferencePipeline.java:193)
at java.util.Spliterators$ArraySpliterator.tryAdvance(Spliterators.java:958)
at java.util.stream.ReferencePipeline.forEachWithCancel(ReferencePipeline.java:126)
at java.util.stream.AbstractPipeline.copyIntoWithCancel(AbstractPipeline.java:499)
at java.util.stream.AbstractPipeline.copyInto(AbstractPipeline.java:486)
at java.util.stream.AbstractPipeline.wrapAndCopyInto(AbstractPipeline.java:472)
at java.util.stream.FindOps$FindOp.evaluateSequential(FindOps.java:152)
at java.util.stream.AbstractPipeline.evaluate(AbstractPipeline.java:234)
at java.util.stream.ReferencePipeline.findFirst(ReferencePipeline.java:464)
at org.openqa.selenium.remote.ProtocolHandshake.createSession(ProtocolHandshake.java:128)
... 48 more
]]>
            </full-stacktrace>
          </exception> <!-- org.openqa.selenium.SessionNotCreatedException -->
          <reporter-output>
          </reporter-output>
        </test-method> <!-- verifyEthnicitydropdown -->
        <test-method status="PASS" signature="stopServer()[pri:0, instance:com.mv.zamit.ZamitZcs.ChildFormTest@87f383f]" name="stopServer" is-config="true" duration-ms="100" started-at="2020-06-07T21:35:51 IST" finished-at="2020-06-07T21:35:51 IST">
          <reporter-output>
          </reporter-output>
        </test-method> <!-- stopServer -->
        <test-method status="PASS" signature="startServer1()[pri:0, instance:com.mv.zamit.ZamitZcs.ChildFormTest@87f383f]" name="startServer1" is-config="true" duration-ms="12507" started-at="2020-06-07T21:35:51 IST" finished-at="2020-06-07T21:36:04 IST">
          <reporter-output>
          </reporter-output>
        </test-method> <!-- startServer1 -->
        <test-method status="FAIL" signature="verifyFirstName()[pri:0, instance:com.mv.zamit.ZamitZcs.ChildFormTest@87f383f]" name="verifyFirstName" duration-ms="66697" started-at="2020-06-07T21:36:04 IST" finished-at="2020-06-07T21:37:11 IST">
          <exception class="org.openqa.selenium.SessionNotCreatedException">
            <message>
              <![CDATA[Unable to create a new remote session. Please check the server log for more details. Original error: An unknown server-side error occurred while processing the command. Original error: Error executing adbExec. Original error: 'Command 'C:\\Users\\MV\\AppData\\Local\\Android\\Sdk\\platform-tools\\adb.exe -P 5037 -s emulator-5554 shell pm clear com.zcas' timed out after 20000ms'. Try to increase the 20000ms adb execution timeout represented by 'adbExecTimeout' capability
Build info: version: '3.141.59', revision: 'e82be7d358', time: '2018-11-14T08:17:03'
System info: host: 'MLPT003', ip: '192.168.43.20', os.name: 'Windows 10', os.arch: 'amd64', os.version: '10.0', java.version: '1.8.0_231'
Driver info: driver.version: AndroidDriver
remote stacktrace: UnknownError: An unknown server-side error occurred while processing the command. Original error: Error executing adbExec. Original error: 'Command 'C:\\Users\\MV\\AppData\\Local\\Android\\Sdk\\platform-tools\\adb.exe -P 5037 -s emulator-5554 shell pm clear com.zcas' timed out after 20000ms'. Try to increase the 20000ms adb execution timeout represented by 'adbExecTimeout' capability
    at getResponseForW3CError (C:\Users\MV\AppData\Roaming\npm\node_modules\appium\node_modules\appium-base-driver\lib\protocol\errors.js:804:9)
    at asyncHandler (C:\Users\MV\AppData\Roaming\npm\node_modules\appium\node_modules\appium-base-driver\lib\protocol\protocol.js:388:37)
Build info: version: '3.141.59', revision: 'e82be7d358', time: '2018-11-14T08:17:03'
System info: host: 'MLPT003', ip: '192.168.43.20', os.name: 'Windows 10', os.arch: 'amd64', os.version: '10.0', java.version: '1.8.0_231'
Driver info: driver.version: AndroidDriver]]>
            </message>
            <full-stacktrace>
              <![CDATA[org.openqa.selenium.SessionNotCreatedException: Unable to create a new remote session. Please check the server log for more details. Original error: An unknown server-side error occurred while processing the command. Original error: Error executing adbExec. Original error: 'Command 'C:\\Users\\MV\\AppData\\Local\\Android\\Sdk\\platform-tools\\adb.exe -P 5037 -s emulator-5554 shell pm clear com.zcas' timed out after 20000ms'. Try to increase the 20000ms adb execution timeout represented by 'adbExecTimeout' capability
Build info: version: '3.141.59', revision: 'e82be7d358', time: '2018-11-14T08:17:03'
System info: host: 'MLPT003', ip: '192.168.43.20', os.name: 'Windows 10', os.arch: 'amd64', os.version: '10.0', java.version: '1.8.0_231'
Driver info: driver.version: AndroidDriver
remote stacktrace: UnknownError: An unknown server-side error occurred while processing the command. Original error: Error executing adbExec. Original error: 'Command 'C:\\Users\\MV\\AppData\\Local\\Android\\Sdk\\platform-tools\\adb.exe -P 5037 -s emulator-5554 shell pm clear com.zcas' timed out after 20000ms'. Try to increase the 20000ms adb execution timeout represented by 'adbExecTimeout' capability
    at getResponseForW3CError (C:\Users\MV\AppData\Roaming\npm\node_modules\appium\node_modules\appium-base-driver\lib\protocol\errors.js:804:9)
    at asyncHandler (C:\Users\MV\AppData\Roaming\npm\node_modules\appium\node_modules\appium-base-driver\lib\protocol\protocol.js:388:37)
Build info: version: '3.141.59', revision: 'e82be7d358', time: '2018-11-14T08:17:03'
System info: host: 'MLPT003', ip: '192.168.43.20', os.name: 'Windows 10', os.arch: 'amd64', os.version: '10.0', java.version: '1.8.0_231'
Driver info: driver.version: AndroidDriver
at io.appium.java_client.remote.AppiumCommandExecutor$1.createSession(AppiumCommandExecutor.java:208)
at io.appium.java_client.remote.AppiumCommandExecutor.createSession(AppiumCommandExecutor.java:217)
at io.appium.java_client.remote.AppiumCommandExecutor.execute(AppiumCommandExecutor.java:239)
at org.openqa.selenium.remote.RemoteWebDriver.execute(RemoteWebDriver.java:552)
at io.appium.java_client.DefaultGenericMobileDriver.execute(DefaultGenericMobileDriver.java:41)
at io.appium.java_client.AppiumDriver.execute(AppiumDriver.java:1)
at io.appium.java_client.android.AndroidDriver.execute(AndroidDriver.java:1)
at org.openqa.selenium.remote.RemoteWebDriver.startSession(RemoteWebDriver.java:213)
at io.appium.java_client.AppiumDriver.startSession(AppiumDriver.java:336)
at org.openqa.selenium.remote.RemoteWebDriver.<init>(RemoteWebDriver.java:131)
at io.appium.java_client.DefaultGenericMobileDriver.<init>(DefaultGenericMobileDriver.java:37)
at io.appium.java_client.AppiumDriver.<init>(AppiumDriver.java:88)
at io.appium.java_client.AppiumDriver.<init>(AppiumDriver.java:98)
at io.appium.java_client.android.AndroidDriver.<init>(AndroidDriver.java:94)
at com.mv.zamit.ZamitZcs.Base1.capabilities(Base1.java:104)
at com.mv.zamit.ZamitZcs.ChildFormTest.appLaunch(ChildFormTest.java:855)
at com.mv.zamit.ZamitZcs.ChildFormTest.verifyFirstName(ChildFormTest.java:68)
at sun.reflect.NativeMethodAccessorImpl.invoke0(Native Method)
at sun.reflect.NativeMethodAccessorImpl.invoke(NativeMethodAccessorImpl.java:62)
at sun.reflect.DelegatingMethodAccessorImpl.invoke(DelegatingMethodAccessorImpl.java:43)
at java.lang.reflect.Method.invoke(Method.java:498)
at org.testng.internal.MethodInvocationHelper.invokeMethod(MethodInvocationHelper.java:134)
at org.testng.internal.TestInvoker.invokeMethod(TestInvoker.java:597)
at org.testng.internal.TestInvoker.invokeTestMethod(TestInvoker.java:173)
at org.testng.internal.MethodRunner.runInSequence(MethodRunner.java:46)
at org.testng.internal.TestInvoker$MethodInvocationAgent.invoke(TestInvoker.java:816)
at org.testng.internal.TestInvoker.invokeTestMethods(TestInvoker.java:146)
at org.testng.internal.TestMethodWorker.invokeTestMethods(TestMethodWorker.java:146)
at org.testng.internal.TestMethodWorker.run(TestMethodWorker.java:128)
at java.util.ArrayList.forEach(ArrayList.java:1257)
at org.testng.TestRunner.privateRun(TestRunner.java:766)
at org.testng.TestRunner.run(TestRunner.java:587)
at org.testng.SuiteRunner.runTest(SuiteRunner.java:384)
at org.testng.SuiteRunner.runSequentially(SuiteRunner.java:378)
at org.testng.SuiteRunner.privateRun(SuiteRunner.java:337)
at org.testng.SuiteRunner.run(SuiteRunner.java:286)
at org.testng.SuiteRunnerWorker.runSuite(SuiteRunnerWorker.java:53)
at org.testng.SuiteRunnerWorker.run(SuiteRunnerWorker.java:96)
at org.testng.TestNG.runSuitesSequentially(TestNG.java:1187)
at org.testng.TestNG.runSuitesLocally(TestNG.java:1109)
at org.testng.TestNG.runSuites(TestNG.java:1039)
at org.testng.TestNG.run(TestNG.java:1007)
at org.testng.remote.AbstractRemoteTestNG.run(AbstractRemoteTestNG.java:115)
at org.testng.remote.RemoteTestNG.initAndRun(RemoteTestNG.java:251)
at org.testng.remote.RemoteTestNG.main(RemoteTestNG.java:77)
Caused by: java.lang.reflect.InvocationTargetException
at sun.reflect.GeneratedMethodAccessor9.invoke(Unknown Source)
at sun.reflect.DelegatingMethodAccessorImpl.invoke(DelegatingMethodAccessorImpl.java:43)
at java.lang.reflect.Method.invoke(Method.java:498)
at io.appium.java_client.remote.AppiumCommandExecutor$1.createSession(AppiumCommandExecutor.java:186)
... 44 more
Caused by: org.openqa.selenium.WebDriverException: An unknown server-side error occurred while processing the command. Original error: Error executing adbExec. Original error: 'Command 'C:\\Users\\MV\\AppData\\Local\\Android\\Sdk\\platform-tools\\adb.exe -P 5037 -s emulator-5554 shell pm clear com.zcas' timed out after 20000ms'. Try to increase the 20000ms adb execution timeout represented by 'adbExecTimeout' capability
Build info: version: '3.141.59', revision: 'e82be7d358', time: '2018-11-14T08:17:03'
System info: host: 'MLPT003', ip: '192.168.43.20', os.name: 'Windows 10', os.arch: 'amd64', os.version: '10.0', java.version: '1.8.0_231'
Driver info: driver.version: AndroidDriver
remote stacktrace: UnknownError: An unknown server-side error occurred while processing the command. Original error: Error executing adbExec. Original error: 'Command 'C:\\Users\\MV\\AppData\\Local\\Android\\Sdk\\platform-tools\\adb.exe -P 5037 -s emulator-5554 shell pm clear com.zcas' timed out after 20000ms'. Try to increase the 20000ms adb execution timeout represented by 'adbExecTimeout' capability
    at getResponseForW3CError (C:\Users\MV\AppData\Roaming\npm\node_modules\appium\node_modules\appium-base-driver\lib\protocol\errors.js:804:9)
    at asyncHandler (C:\Users\MV\AppData\Roaming\npm\node_modules\appium\node_modules\appium-base-driver\lib\protocol\protocol.js:388:37)
at sun.reflect.NativeConstructorAccessorImpl.newInstance0(Native Method)
at sun.reflect.NativeConstructorAccessorImpl.newInstance(NativeConstructorAccessorImpl.java:62)
at sun.reflect.DelegatingConstructorAccessorImpl.newInstance(DelegatingConstructorAccessorImpl.java:45)
at java.lang.reflect.Constructor.newInstance(Constructor.java:423)
at org.openqa.selenium.remote.W3CHandshakeResponse.lambda$errorHandler$0(W3CHandshakeResponse.java:62)
at org.openqa.selenium.remote.HandshakeResponse.lambda$getResponseFunction$0(HandshakeResponse.java:30)
at org.openqa.selenium.remote.ProtocolHandshake.lambda$createSession$0(ProtocolHandshake.java:126)
[...]
          <reporter-output>
          </reporter-output>
        </test-method> <!-- stopServer -->
        <test-method status="PASS" signature="startServer1()[pri:0, instance:com.mv.zamit.ZamitZcs.UploadDocTest@eafc191]" name="startServer1" is-config="true" duration-ms="4135" started-at="2020-06-07T22:15:17 IST" finished-at="2020-06-07T22:15:21 IST">
          <reporter-output>
          </reporter-output>
        </test-method> <!-- startServer1 -->
        <test-method status="PASS" signature="verifyChildPhotographText()[pri:0, instance:com.mv.zamit.ZamitZcs.UploadDocTest@eafc191]" name="verifyChildPhotographText" duration-ms="85944" started-at="2020-06-07T22:15:21 IST" finished-at="2020-06-07T22:16:47 IST">
          <reporter-output>
          </reporter-output>
        </test-method> <!-- verifyChildPhotographText -->
        <test-method status="PASS" signature="stopServer()[pri:0, instance:com.mv.zamit.ZamitZcs.UploadDocTest@eafc191]" name="stopServer" is-config="true" duration-ms="51" started-at="2020-06-07T22:16:47 IST" finished-at="2020-06-07T22:16:47 IST">
          <reporter-output>
          </reporter-output>
        </test-method> <!-- stopServer -->
        <test-method status="PASS" signature="startServer1()[pri:0, instance:com.mv.zamit.ZamitZcs.UploadDocTest@eafc191]" name="startServer1" is-config="true" duration-ms="4181" started-at="2020-06-07T22:16:47 IST" finished-at="2020-06-07T22:16:52 IST">
          <reporter-output>
          </reporter-output>
        </test-method> <!-- startServer1 -->
        <test-method status="PASS" signature="verifyGuidelinesBtn()[pri:0, instance:com.mv.zamit.ZamitZcs.UploadDocTest@eafc191]" name="verifyGuidelinesBtn" duration-ms="84506" started-at="2020-06-07T22:16:52 IST" finished-at="2020-06-07T22:18:16 IST">
          <reporter-output>
          </reporter-output>
        </test-method> <!-- verifyGuidelinesBtn -->
        <test-method status="PASS" signature="stopServer()[pri:0, instance:com.mv.zamit.ZamitZcs.UploadDocTest@eafc191]" name="stopServer" is-config="true" duration-ms="51" started-at="2020-06-07T22:18:16 IST" finished-at="2020-06-07T22:18:16 IST">
          <reporter-output>
          </reporter-output>
        </test-method> <!-- stopServer -->
        <test-method status="PASS" signature="startServer1()[pri:0, instance:com.mv.zamit.ZamitZcs.UploadDocTest@eafc191]" name="startServer1" is-config="true" duration-ms="4214" started-at="2020-06-07T22:18:16 IST" finished-at="2020-06-07T22:18:20 IST">
          <reporter-output>
          </reporter-output>
        </test-method> <!-- startServer1 -->
        <test-method status="PASS" signature="verifyNextStepBtn()[pri:0, instance:com.mv.zamit.ZamitZcs.UploadDocTest@eafc191]" name="verifyNextStepBtn" duration-ms="82136" started-at="2020-06-07T22:18:20 IST" finished-at="2020-06-07T22:19:42 IST">
          <reporter-output>
          </reporter-output>
        </test-method> <!-- verifyNextStepBtn -->
        <test-method status="PASS" signature="stopServer()[pri:0, instance:com.mv.zamit.ZamitZcs.UploadDocTest@eafc191]" name="stopServer" is-config="true" duration-ms="51" started-at="2020-06-07T22:19:42 IST" finished-at="2020-06-07T22:19:43 IST">
          <reporter-output>
          </reporter-output>
        </test-method> <!-- stopServer -->
        <test-method status="PASS" signature="startServer1()[pri:0, instance:com.mv.zamit.ZamitZcs.UploadDocTest@eafc191]" name="startServer1" is-config="true" duration-ms="4205" started-at="2020-06-07T22:19:43 IST" finished-at="2020-06-07T22:19:47 IST">
          <reporter-output>
          </reporter-output>
        </test-method> <!-- startServer1 -->
        <test-method status="PASS" signature="verifyPageTitle()[pri:0, instance:com.mv.zamit.ZamitZcs.UploadDocTest@eafc191]" name="verifyPageTitle" duration-ms="81582" started-at="2020-06-07T22:19:47 IST" finished-at="2020-06-07T22:21:08 IST">
          <reporter-output>
          </reporter-output>
        </test-method> <!-- verifyPageTitle -->
        <test-method status="PASS" signature="stopServer()[pri:0, instance:com.mv.zamit.ZamitZcs.UploadDocTest@eafc191]" name="stopServer" is-config="true" duration-ms="53" started-at="2020-06-07T22:21:08 IST" finished-at="2020-06-07T22:21:08 IST">
          <reporter-output>
          </reporter-output>
        </test-method> <!-- stopServer -->
        <test-method status="PASS" signature="startServer1()[pri:0, instance:com.mv.zamit.ZamitZcs.UploadDocTest@eafc191]" name="startServer1" is-config="true" duration-ms="4143" started-at="2020-06-07T22:21:08 IST" finished-at="2020-06-07T22:21:13 IST">
          <reporter-output>
          </reporter-output>
        </test-method> <!-- startServer1 -->
        <test-method status="FAIL" signature="verifyParentPhotographText()[pri:0, instance:com.mv.zamit.ZamitZcs.UploadDocTest@eafc191]" name="verifyParentPhotographText" duration-ms="59508" started-at="2020-06-07T22:21:13 IST" finished-at="2020-06-07T22:22:12 IST">
          <exception class="java.lang.IndexOutOfBoundsException">
            <message>
              <![CDATA[Index: 7, Size: 0]]>
            </message>
            <full-stacktrace>
              <![CDATA[java.lang.IndexOutOfBoundsException: Index: 7, Size: 0
at java.util.ArrayList.rangeCheck(ArrayList.java:657)
at java.util.ArrayList.get(ArrayList.java:433)
at sun.reflect.GeneratedMethodAccessor14.invoke(Unknown Source)
at sun.reflect.DelegatingMethodAccessorImpl.invoke(DelegatingMethodAccessorImpl.java:43)
at java.lang.reflect.Method.invoke(Method.java:498)
at io.appium.java_client.pagefactory.ElementListInterceptor.getObject(ElementListInterceptor.java:40)
at io.appium.java_client.pagefactory.interceptors.InterceptorOfAListOfElements.intercept(InterceptorOfAListOfElements.java:49)
at $java.util.ArrayList$$EnhancerByCGLIB$$b5855c01.get(<generated>)
at com.mv.zamit.ZamitZcs.UploadDocTest.appLaunch(UploadDocTest.java:242)
at com.mv.zamit.ZamitZcs.UploadDocTest.verifyParentPhotographText(UploadDocTest.java:191)
at sun.reflect.NativeMethodAccessorImpl.invoke0(Native Method)
at sun.reflect.NativeMethodAccessorImpl.invoke(NativeMethodAccessorImpl.java:62)
at sun.reflect.DelegatingMethodAccessorImpl.invoke(DelegatingMethodAccessorImpl.java:43)
at java.lang.reflect.Method.invoke(Method.java:498)
at org.testng.internal.MethodInvocationHelper.invokeMethod(MethodInvocationHelper.java:134)
at org.testng.internal.TestInvoker.invokeMethod(TestInvoker.java:597)
at org.testng.internal.TestInvoker.invokeTestMethod(TestInvoker.java:173)
at org.testng.internal.MethodRunner.runInSequence(MethodRunner.java:46)
at org.testng.internal.TestInvoker$MethodInvocationAgent.invoke(TestInvoker.java:816)
at org.testng.internal.TestInvoker.invokeTestMethods(TestInvoker.java:146)
at org.testng.internal.TestMethodWorker.invokeTestMethods(TestMethodWorker.java:146)
at org.testng.internal.TestMethodWorker.run(TestMethodWorker.java:128)
at java.util.ArrayList.forEach(ArrayList.java:1257)
at org.testng.TestRunner.privateRun(TestRunner.java:766)
at org.testng.TestRunner.run(TestRunner.java:587)
at org.testng.SuiteRunner.runTest(SuiteRunner.java:384)
at org.testng.SuiteRunner.runSequentially(SuiteRunner.java:378)
at org.testng.SuiteRunner.privateRun(SuiteRunner.java:337)
at org.testng.SuiteRunner.run(SuiteRunner.java:286)
at org.testng.SuiteRunnerWorker.runSuite(SuiteRunnerWorker.java:53)
at org.testng.SuiteRunnerWorker.run(SuiteRunnerWorker.java:96)
at org.testng.TestNG.runSuitesSequentially(TestNG.java:1187)
at org.testng.TestNG.runSuitesLocally(TestNG.java:1109)
at org.testng.TestNG.runSuites(TestNG.java:1039)
at org.testng.TestNG.run(TestNG.java:1007)
at org.testng.remote.AbstractRemoteTestNG.run(AbstractRemoteTestNG.java:115)
at org.testng.remote.RemoteTestNG.initAndRun(RemoteTestNG.java:251)
at org.testng.remote.RemoteTestNG.main(RemoteTestNG.java:77)
]]>
            </full-stacktrace>
          </exception> <!-- java.lang.IndexOutOfBoundsException -->
          <reporter-output>
          </reporter-output>
        </test-method> <!-- verifyParentPhotographText -->
        <test-method status="PASS" signature="stopServer()[pri:0, instance:com.mv.zamit.ZamitZcs.UploadDocTest@eafc191]" name="stopServer" is-config="true" duration-ms="103" started-at="2020-06-07T22:22:12 IST" finished-at="2020-06-07T22:22:12 IST">
          <reporter-output>
          </reporter-output>
        </test-method> <!-- stopServer -->
        <test-method status="PASS" signature="startServer1()[pri:0, instance:com.mv.zamit.ZamitZcs.UploadDocTest@eafc191]" name="startServer1" is-config="true" duration-ms="8016" started-at="2020-06-07T22:22:12 IST" finished-at="2020-06-07T22:22:20 IST">
          <reporter-output>
          </reporter-output>
        </test-method> <!-- startServer1 -->
        <test-method status="FAIL" signature="verifySaveBtn()[pri:0, instance:com.mv.zamit.ZamitZcs.UploadDocTest@eafc191]" name="verifySaveBtn" duration-ms="96523" started-at="2020-06-07T22:22:20 IST" finished-at="2020-06-07T22:23:57 IST">
          <exception class="org.openqa.selenium.NoSuchElementException">
            <message>
              <![CDATA[Can't locate an element by this strategy: By.chained({By.id: android:id/button1})]]>
            </message>
            <full-stacktrace>
              <![CDATA[org.openqa.selenium.NoSuchElementException: Can't locate an element by this strategy: By.chained({By.id: android:id/button1})
at io.appium.java_client.pagefactory.AppiumElementLocator.findElement(AppiumElementLocator.java:126)
at io.appium.java_client.pagefactory.interceptors.InterceptorOfASingleElement.intercept(InterceptorOfASingleElement.java:59)
at io.appium.java_client.android.AndroidElement$$EnhancerByCGLIB$$b598166c.click(<generated>)
at com.mv.zamit.ZamitZcs.UploadDocTest.appLaunch(UploadDocTest.java:255)
at com.mv.zamit.ZamitZcs.UploadDocTest.verifySaveBtn(UploadDocTest.java:97)
at sun.reflect.NativeMethodAccessorImpl.invoke0(Native Method)
at sun.reflect.NativeMethodAccessorImpl.invoke(NativeMethodAccessorImpl.java:62)
at sun.reflect.DelegatingMethodAccessorImpl.invoke(DelegatingMethodAccessorImpl.java:43)
at java.lang.reflect.Method.invoke(Method.java:498)
at org.testng.internal.MethodInvocationHelper.invokeMethod(MethodInvocationHelper.java:134)
at org.testng.internal.TestInvoker.invokeMethod(TestInvoker.java:597)
at org.testng.internal.TestInvoker.invokeTestMethod(TestInvoker.java:173)
at org.testng.internal.MethodRunner.runInSequence(MethodRunner.java:46)
at org.testng.internal.TestInvoker$MethodInvocationAgent.invoke(TestInvoker.java:816)
at org.testng.internal.TestInvoker.invokeTestMethods(TestInvoker.java:146)
at org.testng.internal.TestMethodWorker.invokeTestMethods(TestMethodWorker.java:146)
at org.testng.internal.TestMethodWorker.run(TestMethodWorker.java:128)
at java.util.ArrayList.forEach(ArrayList.java:1257)
at org.testng.TestRunner.privateRun(TestRunner.java:766)
at org.testng.TestRunner.run(TestRunner.java:587)
at org.testng.SuiteRunner.runTest(SuiteRunner.java:384)
at org.testng.SuiteRunner.runSequentially(SuiteRunner.java:378)
at org.testng.SuiteRunner.privateRun(SuiteRunner.java:337)
at org.testng.SuiteRunner.run(SuiteRunner.java:286)
at org.testng.SuiteRunnerWorker.runSuite(SuiteRunnerWorker.java:53)
at org.testng.SuiteRunnerWorker.run(SuiteRunnerWorker.java:96)
at org.testng.TestNG.runSuitesSequentially(TestNG.java:1187)
at org.testng.TestNG.runSuitesLocally(TestNG.java:1109)
at org.testng.TestNG.runSuites(TestNG.java:1039)
at org.testng.TestNG.run(TestNG.java:1007)
at org.testng.remote.AbstractRemoteTestNG.run(AbstractRemoteTestNG.java:115)
at org.testng.remote.RemoteTestNG.initAndRun(RemoteTestNG.java:251)
at org.testng.remote.RemoteTestNG.main(RemoteTestNG.java:77)
Caused by: org.openqa.selenium.TimeoutException: Expected condition failed: waiting for io.appium.java_client.pagefactory.AppiumElementLocator$WaitingFunction@2396408a (tried for 1 second(s) with 500 milliseconds interval)
at org.openqa.selenium.support.ui.FluentWait.timeoutException(FluentWait.java:304)
at org.openqa.selenium.support.ui.FluentWait.until(FluentWait.java:272)
at io.appium.java_client.pagefactory.AppiumElementLocator.waitFor(AppiumElementLocator.java:99)
at io.appium.java_client.pagefactory.AppiumElementLocator.findElement(AppiumElementLocator.java:119)
... 32 more
Caused by: org.openqa.selenium.NoSuchElementException: Cannot locate an element using By.chained({By.id: android:id/button1})
For documentation on this error, please visit: https://www.seleniumhq.org/exceptions/no_such_element.html
Build info: version: '3.141.59', revision: 'e82be7d358', time: '2018-11-14T08:17:03'
System info: host: 'MLPT003', ip: '192.168.43.20', os.name: 'Windows 10', os.arch: 'amd64', os.version: '10.0', java.version: '1.8.0_231'
Driver info: driver.version: AndroidDriver
at io.appium.java_client.pagefactory.bys.builder.ByChained.findElement(ByChained.java:74)
at org.openqa.selenium.remote.RemoteWebDriver.findElement(RemoteWebDriver.java:315)
at io.appium.java_client.DefaultGenericMobileDriver.findElement(DefaultGenericMobileDriver.java:57)
at io.appium.java_client.AppiumDriver.findElement(AppiumDriver.java:1)
at io.appium.java_client.android.AndroidDriver.findElement(AndroidDriver.java:1)
at io.appium.java_client.pagefactory.bys.ContentMappedBy.findElement(ContentMappedBy.java:50)
at org.openqa.selenium.remote.RemoteWebDriver.findElement(RemoteWebDriver.java:315)
at io.appium.java_client.DefaultGenericMobileDriver.findElement(DefaultGenericMobileDriver.java:57)
at io.appium.java_client.AppiumDriver.findElement(AppiumDriver.java:1)
at io.appium.java_client.android.AndroidDriver.findElement(AndroidDriver.java:1)
at io.appium.java_client.pagefactory.AppiumElementLocator.lambda$0(AppiumElementLocator.java:120)
at io.appium.java_client.pagefactory.AppiumElementLocator$WaitingFunction.apply(AppiumElementLocator.java:172)
at io.appium.java_client.pagefactory.AppiumElementLocator$WaitingFunction.apply(AppiumElementLocator.java:1)
at org.openqa.selenium.support.ui.FluentWait.until(FluentWait.java:249)
... 34 more
]]>
            </full-stacktrace>
          </exception> <!-- org.openqa.selenium.NoSuchElementException -->
          <reporter-output>
          </reporter-output>
        </test-method> <!-- verifySaveBtn -->
        <test-method status="PASS" signature="stopServer()[pri:0, instance:com.mv.zamit.ZamitZcs.UploadDocTest@eafc191]" name="stopServer" is-config="true" duration-ms="103" started-at="2020-06-07T22:23:57 IST" finished-at="2020-06-07T22:23:57 IST">
          <reporter-output>
          </reporter-output>
        </test-method> <!-- stopServer -->
        <test-method status="PASS" signature="startServer1()[pri:0, instance:com.mv.zamit.ZamitZcs.UploadDocTest@eafc191]" name="startServer1" is-config="true" duration-ms="7423" started-at="2020-06-07T22:23:57 IST" finished-at="2020-06-07T22:24:04 IST">
          <reporter-output>
          </reporter-output>
        </test-method> <!-- startServer1 -->
        <test-method status="PASS" signature="verifyToolBarStepText()[pri:0, instance:com.mv.zamit.ZamitZcs.UploadDocTest@eafc191]" name="verifyToolBarStepText" duration-ms="76256" started-at="2020-06-07T22:24:04 IST" finished-at="2020-06-07T22:25:20 IST">
          <reporter-output>
          </reporter-output>
        </test-method> <!-- verifyToolBarStepText -->
        <test-method status="PASS" signature="stopServer()[pri:0, instance:com.mv.zamit.ZamitZcs.UploadDocTest@eafc191]" name="stopServer" is-config="true" duration-ms="52" started-at="2020-06-07T22:25:20 IST" finished-at="2020-06-07T22:25:21 IST">
          <reporter-output>
          </reporter-output>
        </test-method> <!-- stopServer -->
        <test-method status="PASS" signature="startServer1()[pri:0, instance:com.mv.zamit.ZamitZcs.UploadDocTest@eafc191]" name="startServer1" is-config="true" duration-ms="4134" started-at="2020-06-07T22:25:21 IST" finished-at="2020-06-07T22:25:25 IST">
          <reporter-output>
          </reporter-output>
        </test-method> <!-- startServer1 -->
        <test-method status="FAIL" signature="verifyZcasToolBarText()[pri:0, instance:com.mv.zamit.ZamitZcs.UploadDocTest@eafc191]" name="verifyZcasToolBarText" duration-ms="66089" started-at="2020-06-07T22:25:25 IST" finished-at="2020-06-07T22:26:31 IST">
          <exception class="java.lang.IndexOutOfBoundsException">
            <message>
              <![CDATA[Index: 7, Size: 0]]>
            </message>
            <full-stacktrace>
              <![CDATA[java.lang.IndexOutOfBoundsException: Index: 7, Size: 0
at java.util.ArrayList.rangeCheck(ArrayList.java:657)
at java.util.ArrayList.get(ArrayList.java:433)
at sun.reflect.GeneratedMethodAccessor14.invoke(Unknown Source)
at sun.reflect.DelegatingMethodAccessorImpl.invoke(DelegatingMethodAccessorImpl.java:43)
at java.lang.reflect.Method.invoke(Method.java:498)
at io.appium.java_client.pagefactory.ElementListInterceptor.getObject(ElementListInterceptor.java:40)
at io.appium.java_client.pagefactory.interceptors.InterceptorOfAListOfElements.intercept(InterceptorOfAListOfElements.java:49)
at $java.util.ArrayList$$EnhancerByCGLIB$$b5855c01.get(<generated>)
at com.mv.zamit.ZamitZcs.UploadDocTest.appLaunch(UploadDocTest.java:242)
at com.mv.zamit.ZamitZcs.UploadDocTest.verifyZcasToolBarText(UploadDocTest.java:55)
at sun.reflect.NativeMethodAccessorImpl.invoke0(Native Method)
at sun.reflect.NativeMethodAccessorImpl.invoke(NativeMethodAccessorImpl.java:62)
at sun.reflect.DelegatingMethodAccessorImpl.invoke(DelegatingMethodAccessorImpl.java:43)
at java.lang.reflect.Method.invoke(Method.java:498)
at org.testng.internal.MethodInvocationHelper.invokeMethod(MethodInvocationHelper.java:134)
at org.testng.internal.TestInvoker.invokeMethod(TestInvoker.java:597)
at org.testng.internal.TestInvoker.invokeTestMethod(TestInvoker.java:173)
at org.testng.internal.MethodRunner.runInSequence(MethodRunner.java:46)
at org.testng.internal.TestInvoker$MethodInvocationAgent.invoke(TestInvoker.java:816)
at org.testng.internal.TestInvoker.invokeTestMethods(TestInvoker.java:146)
at org.testng.internal.TestMethodWorker.invokeTestMethods(TestMethodWorker.java:146)
at org.testng.internal.TestMethodWorker.run(TestMethodWorker.java:128)
at java.util.ArrayList.forEach(ArrayList.java:1257)
at org.testng.TestRunner.privateRun(TestRunner.java:766)
at org.testng.TestRunner.run(TestRunner.java:587)
at org.testng.SuiteRunner.runTest(SuiteRunner.java:384)
at org.testng.SuiteRunner.runSequentially(SuiteRunner.java:378)
at org.testng.SuiteRunner.privateRun(SuiteRunner.java:337)
at org.testng.SuiteRunner.run(SuiteRunner.java:286)
at org.testng.SuiteRunnerWorker.runSuite(SuiteRunnerWorker.java:53)
at org.testng.SuiteRunnerWorker.run(SuiteRunnerWorker.java:96)
at org.testng.TestNG.runSuitesSequentially(TestNG.java:1187)
at org.testng.TestNG.runSuitesLocally(TestNG.java:1109)
at org.testng.TestNG.runSuites(TestNG.java:1039)
at org.testng.TestNG.run(TestNG.java:1007)
at org.testng.remote.AbstractRemoteTestNG.run(AbstractRemoteTestNG.java:115)
at org.testng.remote.RemoteTestNG.initAndRun(RemoteTestNG.java:251)
at org.testng.remote.RemoteTestNG.main(RemoteTestNG.java:77)
]]>
            </full-stacktrace>
          </exception> <!-- java.lang.IndexOutOfBoundsException -->
          <reporter-output>
          </reporter-output>
        </test-method> <!-- verifyZcasToolBarText -->
        <test-method status="PASS" signature="stopServer()[pri:0, instance:com.mv.zamit.ZamitZcs.UploadDocTest@eafc191]" name="stopServer" is-config="true" duration-ms="103" started-at="2020-06-07T22:26:31 IST" finished-at="2020-06-07T22:26:31 IST">
          <reporter-output>
          </reporter-output>
        </test-method> <!-- stopServer -->
      </class> <!-- com.mv.zamit.ZamitZcs.UploadDocTest -->
    </test> <!-- Test -->
  </suite> <!-- Suite -->
</testng-results>
